2015/01/22 06:40:41 [error] [php] Undefined variable: model (D:\wamp\www\yii\testyii\protected\front\views\site\login.php:28)
Stack trace:
#0 D:\wamp\www\yii\framework\web\CController.php(869): SiteController->renderFile()
#1 D:\wamp\www\yii\framework\web\CController.php(782): SiteController->renderPartial()
#2 D:\wamp\www\yii\testyii\protected\front\controllers\SiteController.php(23): SiteController->render()
#3 D:\wamp\www\yii\framework\web\actions\CInlineAction.php(49): SiteController->actionLogin()
#4 D:\wamp\www\yii\framework\web\CController.php(308): CInlineAction->runWithParams()
#5 D:\wamp\www\yii\framework\web\CController.php(286): SiteController->runAction()
#6 D:\wamp\www\yii\framework\web\CController.php(265): SiteController->runActionWithFilters()
#7 D:\wamp\www\yii\framework\web\CWebApplication.php(282): SiteController->run()
#8 D:\wamp\www\yii\framework\web\CWebApplication.php(141): CWebApplication->runController()
#9 D:\wamp\www\yii\framework\base\CApplication.php(180): CWebApplication->processRequest()
#10 D:\wamp\www\yii\testyii\index.php(13): CWebApplication->run()
REQUEST_URI=/index.php/site/Login
in D:\wamp\www\yii\testyii\protected\front\views\site\login.php (28)
in D:\wamp\www\yii\testyii\protected\front\controllers\SiteController.php (23)
in D:\wamp\www\yii\testyii\index.php (13)
2015/01/22 06:41:07 [error] [php] Undefined variable: model (D:\wamp\www\yii\testyii\protected\front\views\site\login.php:28)
Stack trace:
#0 D:\wamp\www\yii\framework\web\CController.php(869): SiteController->renderFile()
#1 D:\wamp\www\yii\framework\web\CController.php(782): SiteController->renderPartial()
#2 D:\wamp\www\yii\testyii\protected\front\controllers\SiteController.php(23): SiteController->render()
#3 D:\wamp\www\yii\framework\web\actions\CInlineAction.php(49): SiteController->actionLogin()
#4 D:\wamp\www\yii\framework\web\CController.php(308): CInlineAction->runWithParams()
#5 D:\wamp\www\yii\framework\web\CController.php(286): SiteController->runAction()
#6 D:\wamp\www\yii\framework\web\CController.php(265): SiteController->runActionWithFilters()
#7 D:\wamp\www\yii\framework\web\CWebApplication.php(282): SiteController->run()
#8 D:\wamp\www\yii\framework\web\CWebApplication.php(141): CWebApplication->runController()
#9 D:\wamp\www\yii\framework\base\CApplication.php(180): CWebApplication->processRequest()
#10 D:\wamp\www\yii\testyii\index.php(13): CWebApplication->run()
REQUEST_URI=/index.php/site/login
in D:\wamp\www\yii\testyii\protected\front\views\site\login.php (28)
in D:\wamp\www\yii\testyii\protected\front\controllers\SiteController.php (23)
in D:\wamp\www\yii\testyii\index.php (13)
2015/01/22 06:42:14 [error] [php] Undefined variable: model (D:\wamp\www\yii\testyii\protected\front\views\site\login.php:28)
Stack trace:
#0 D:\wamp\www\yii\framework\web\CController.php(869): SiteController->renderFile()
#1 D:\wamp\www\yii\framework\web\CController.php(782): SiteController->renderPartial()
#2 D:\wamp\www\yii\testyii\protected\front\controllers\SiteController.php(23): SiteController->render()
#3 D:\wamp\www\yii\framework\web\actions\CInlineAction.php(49): SiteController->actionLogin()
#4 D:\wamp\www\yii\framework\web\CController.php(308): CInlineAction->runWithParams()
#5 D:\wamp\www\yii\framework\web\CController.php(286): SiteController->runAction()
#6 D:\wamp\www\yii\framework\web\CController.php(265): SiteController->runActionWithFilters()
#7 D:\wamp\www\yii\framework\web\CWebApplication.php(282): SiteController->run()
#8 D:\wamp\www\yii\framework\web\CWebApplication.php(141): CWebApplication->runController()
#9 D:\wamp\www\yii\framework\base\CApplication.php(180): CWebApplication->processRequest()
#10 D:\wamp\www\yii\testyii\index.php(13): CWebApplication->run()
REQUEST_URI=/index.php/site/login
in D:\wamp\www\yii\testyii\protected\front\views\site\login.php (28)
in D:\wamp\www\yii\testyii\protected\front\controllers\SiteController.php (23)
in D:\wamp\www\yii\testyii\index.php (13)
2015/01/22 06:42:30 [error] [php] Undefined variable: model (D:\wamp\www\yii\testyii\protected\front\views\site\login.php:28)
Stack trace:
#0 D:\wamp\www\yii\framework\web\CController.php(869): SiteController->renderFile()
#1 D:\wamp\www\yii\framework\web\CController.php(782): SiteController->renderPartial()
#2 D:\wamp\www\yii\testyii\protected\front\controllers\SiteController.php(18): SiteController->render()
#3 D:\wamp\www\yii\framework\web\actions\CInlineAction.php(49): SiteController->actionTestDb()
#4 D:\wamp\www\yii\framework\web\CController.php(308): CInlineAction->runWithParams()
#5 D:\wamp\www\yii\framework\web\CController.php(286): SiteController->runAction()
#6 D:\wamp\www\yii\framework\web\CController.php(265): SiteController->runActionWithFilters()
#7 D:\wamp\www\yii\framework\web\CWebApplication.php(282): SiteController->run()
#8 D:\wamp\www\yii\framework\web\CWebApplication.php(141): CWebApplication->runController()
#9 D:\wamp\www\yii\framework\base\CApplication.php(180): CWebApplication->processRequest()
#10 D:\wamp\www\yii\testyii\index.php(13): CWebApplication->run()
REQUEST_URI=/index.php/site/testdb
in D:\wamp\www\yii\testyii\protected\front\views\site\login.php (28)
in D:\wamp\www\yii\testyii\protected\front\controllers\SiteController.php (18)
in D:\wamp\www\yii\testyii\index.php (13)
2015/01/22 06:43:16 [error] [php] Undefined variable: model (D:\wamp\www\yii\testyii\protected\front\views\site\login.php:28)
Stack trace:
#0 D:\wamp\www\yii\framework\web\CController.php(869): SiteController->renderFile()
#1 D:\wamp\www\yii\framework\web\CController.php(782): SiteController->renderPartial()
#2 D:\wamp\www\yii\testyii\protected\front\controllers\SiteController.php(24): SiteController->render()
#3 D:\wamp\www\yii\framework\web\actions\CInlineAction.php(49): SiteController->actionLogin()
#4 D:\wamp\www\yii\framework\web\CController.php(308): CInlineAction->runWithParams()
#5 D:\wamp\www\yii\framework\web\CController.php(286): SiteController->runAction()
#6 D:\wamp\www\yii\framework\web\CController.php(265): SiteController->runActionWithFilters()
#7 D:\wamp\www\yii\framework\web\CWebApplication.php(282): SiteController->run()
#8 D:\wamp\www\yii\framework\web\CWebApplication.php(141): CWebApplication->runController()
#9 D:\wamp\www\yii\framework\base\CApplication.php(180): CWebApplication->processRequest()
#10 D:\wamp\www\yii\testyii\index.php(13): CWebApplication->run()
REQUEST_URI=/index.php/site/login
in D:\wamp\www\yii\testyii\protected\front\views\site\login.php (28)
in D:\wamp\www\yii\testyii\protected\front\controllers\SiteController.php (24)
in D:\wamp\www\yii\testyii\index.php (13)
2015/01/22 06:44:11 [error] [php] Undefined variable: model (D:\wamp\www\yii\testyii\protected\front\views\site\login.php:28)
Stack trace:
#0 D:\wamp\www\yii\framework\web\CController.php(869): SiteController->renderFile()
#1 D:\wamp\www\yii\framework\web\CController.php(782): SiteController->renderPartial()
#2 D:\wamp\www\yii\testyii\protected\front\controllers\SiteController.php(23): SiteController->render()
#3 D:\wamp\www\yii\framework\web\actions\CInlineAction.php(49): SiteController->actionLogin()
#4 D:\wamp\www\yii\framework\web\CController.php(308): CInlineAction->runWithParams()
#5 D:\wamp\www\yii\framework\web\CController.php(286): SiteController->runAction()
#6 D:\wamp\www\yii\framework\web\CController.php(265): SiteController->runActionWithFilters()
#7 D:\wamp\www\yii\framework\web\CWebApplication.php(282): SiteController->run()
#8 D:\wamp\www\yii\framework\web\CWebApplication.php(141): CWebApplication->runController()
#9 D:\wamp\www\yii\framework\base\CApplication.php(180): CWebApplication->processRequest()
#10 D:\wamp\www\yii\testyii\index.php(13): CWebApplication->run()
REQUEST_URI=/index.php/site/login
in D:\wamp\www\yii\testyii\protected\front\views\site\login.php (28)
in D:\wamp\www\yii\testyii\protected\front\controllers\SiteController.php (23)
in D:\wamp\www\yii\testyii\index.php (13)
2015/01/22 06:46:09 [error] [exception.CHttpException.404] exception 'CHttpException' with message 'The system is unable to find the requested action "css".' in D:\wamp\www\yii\framework\web\CController.php:483
Stack trace:
#0 D:\wamp\www\yii\framework\web\CController.php(270): CController->missingAction('css')
#1 D:\wamp\www\yii\framework\web\CWebApplication.php(282): CController->run('css')
#2 D:\wamp\www\yii\framework\web\CWebApplication.php(141): CWebApplication->runController('site/css/front/...')
#3 D:\wamp\www\yii\framework\base\CApplication.php(180): CWebApplication->processRequest()
#4 D:\wamp\www\yii\testyii\index.php(13): CApplication->run()
#5 {main}
REQUEST_URI=/index.php/site/css/front/style.css
HTTP_REFERER=http://www.testapp.com/index.php/site/login
---
2015/01/22 06:46:09 [error] [exception.CHttpException.404] exception 'CHttpException' with message 'The system is unable to find the requested action "js".' in D:\wamp\www\yii\framework\web\CController.php:483
Stack trace:
#0 D:\wamp\www\yii\framework\web\CController.php(270): CController->missingAction('js')
#1 D:\wamp\www\yii\framework\web\CWebApplication.php(282): CController->run('js')
#2 D:\wamp\www\yii\framework\web\CWebApplication.php(141): CWebApplication->runController('site/js/jquery....')
#3 D:\wamp\www\yii\framework\base\CApplication.php(180): CWebApplication->processRequest()
#4 D:\wamp\www\yii\testyii\index.php(13): CApplication->run()
#5 {main}
REQUEST_URI=/index.php/site/js/jquery.min.js
HTTP_REFERER=http://www.testapp.com/index.php/site/login
---
2015/01/22 06:46:09 [error] [exception.CHttpException.404] exception 'CHttpException' with message 'The system is unable to find the requested action "images".' in D:\wamp\www\yii\framework\web\CController.php:483
Stack trace:
#0 D:\wamp\www\yii\framework\web\CController.php(270): CController->missingAction('images')
#1 D:\wamp\www\yii\framework\web\CWebApplication.php(282): CController->run('images')
#2 D:\wamp\www\yii\framework\web\CWebApplication.php(141): CWebApplication->runController('site/images/log...')
#3 D:\wamp\www\yii\framework\base\CApplication.php(180): CWebApplication->processRequest()
#4 D:\wamp\www\yii\testyii\index.php(13): CApplication->run()
#5 {main}
REQUEST_URI=/index.php/site/images/logo.jpg
HTTP_REFERER=http://www.testapp.com/index.php/site/login
---
2015/01/22 06:46:18 [error] [exception.CHttpException.404] exception 'CHttpException' with message 'The system is unable to find the requested action "css".' in D:\wamp\www\yii\framework\web\CController.php:483
Stack trace:
#0 D:\wamp\www\yii\framework\web\CController.php(270): CController->missingAction('css')
#1 D:\wamp\www\yii\framework\web\CWebApplication.php(282): CController->run('css')
#2 D:\wamp\www\yii\framework\web\CWebApplication.php(141): CWebApplication->runController('site/css/front/...')
#3 D:\wamp\www\yii\framework\base\CApplication.php(180): CWebApplication->processRequest()
#4 D:\wamp\www\yii\testyii\index.php(13): CApplication->run()
#5 {main}
REQUEST_URI=/index.php/site/css/front/style.css
HTTP_REFERER=http://www.testapp.com/index.php/site/login
---
2015/01/22 06:46:18 [error] [exception.CHttpException.404] exception 'CHttpException' with message 'The system is unable to find the requested action "js".' in D:\wamp\www\yii\framework\web\CController.php:483
Stack trace:
#0 D:\wamp\www\yii\framework\web\CController.php(270): CController->missingAction('js')
#1 D:\wamp\www\yii\framework\web\CWebApplication.php(282): CController->run('js')
#2 D:\wamp\www\yii\framework\web\CWebApplication.php(141): CWebApplication->runController('site/js/jquery....')
#3 D:\wamp\www\yii\framework\base\CApplication.php(180): CWebApplication->processRequest()
#4 D:\wamp\www\yii\testyii\index.php(13): CApplication->run()
#5 {main}
REQUEST_URI=/index.php/site/js/jquery.min.js
HTTP_REFERER=http://www.testapp.com/index.php/site/login
---
2015/01/22 06:46:18 [error] [exception.CHttpException.404] exception 'CHttpException' with message 'The system is unable to find the requested action "images".' in D:\wamp\www\yii\framework\web\CController.php:483
Stack trace:
#0 D:\wamp\www\yii\framework\web\CController.php(270): CController->missingAction('images')
#1 D:\wamp\www\yii\framework\web\CWebApplication.php(282): CController->run('images')
#2 D:\wamp\www\yii\framework\web\CWebApplication.php(141): CWebApplication->runController('site/images/log...')
#3 D:\wamp\www\yii\framework\base\CApplication.php(180): CWebApplication->processRequest()
#4 D:\wamp\www\yii\testyii\index.php(13): CApplication->run()
#5 {main}
REQUEST_URI=/index.php/site/images/logo.jpg
HTTP_REFERER=http://www.testapp.com/index.php/site/login
---
2015/01/22 06:46:38 [error] [exception.CHttpException.404] exception 'CHttpException' with message 'The system is unable to find the requested action "css".' in D:\wamp\www\yii\framework\web\CController.php:483
Stack trace:
#0 D:\wamp\www\yii\framework\web\CController.php(270): CController->missingAction('css')
#1 D:\wamp\www\yii\framework\web\CWebApplication.php(282): CController->run('css')
#2 D:\wamp\www\yii\framework\web\CWebApplication.php(141): CWebApplication->runController('site/css/front/...')
#3 D:\wamp\www\yii\framework\base\CApplication.php(180): CWebApplication->processRequest()
#4 D:\wamp\www\yii\testyii\index.php(13): CApplication->run()
#5 {main}
REQUEST_URI=/index.php/site/css/front/style.css
HTTP_REFERER=http://www.testapp.com/index.php/site/login
---
2015/01/22 06:46:38 [error] [exception.CHttpException.404] exception 'CHttpException' with message 'The system is unable to find the requested action "js".' in D:\wamp\www\yii\framework\web\CController.php:483
Stack trace:
#0 D:\wamp\www\yii\framework\web\CController.php(270): CController->missingAction('js')
#1 D:\wamp\www\yii\framework\web\CWebApplication.php(282): CController->run('js')
#2 D:\wamp\www\yii\framework\web\CWebApplication.php(141): CWebApplication->runController('site/js/jquery....')
#3 D:\wamp\www\yii\framework\base\CApplication.php(180): CWebApplication->processRequest()
#4 D:\wamp\www\yii\testyii\index.php(13): CApplication->run()
#5 {main}
REQUEST_URI=/index.php/site/js/jquery.min.js
HTTP_REFERER=http://www.testapp.com/index.php/site/login
---
2015/01/22 06:46:38 [error] [exception.CHttpException.404] exception 'CHttpException' with message 'The system is unable to find the requested action "images".' in D:\wamp\www\yii\framework\web\CController.php:483
Stack trace:
#0 D:\wamp\www\yii\framework\web\CController.php(270): CController->missingAction('images')
#1 D:\wamp\www\yii\framework\web\CWebApplication.php(282): CController->run('images')
#2 D:\wamp\www\yii\framework\web\CWebApplication.php(141): CWebApplication->runController('site/images/log...')
#3 D:\wamp\www\yii\framework\base\CApplication.php(180): CWebApplication->processRequest()
#4 D:\wamp\www\yii\testyii\index.php(13): CApplication->run()
#5 {main}
REQUEST_URI=/index.php/site/images/logo.jpg
HTTP_REFERER=http://www.testapp.com/index.php/site/login
---
2015/01/22 06:46:45 [error] [exception.CHttpException.404] exception 'CHttpException' with message 'The system is unable to find the requested action "images".' in D:\wamp\www\yii\framework\web\CController.php:483
Stack trace:
#0 D:\wamp\www\yii\framework\web\CController.php(270): CController->missingAction('images')
#1 D:\wamp\www\yii\framework\web\CWebApplication.php(282): CController->run('images')
#2 D:\wamp\www\yii\framework\web\CWebApplication.php(141): CWebApplication->runController('site/images/log...')
#3 D:\wamp\www\yii\framework\base\CApplication.php(180): CWebApplication->processRequest()
#4 D:\wamp\www\yii\testyii\index.php(13): CApplication->run()
#5 {main}
REQUEST_URI=/index.php/site/images/logo.jpg
---
2015/01/22 06:47:17 [error] [exception.CHttpException.404] exception 'CHttpException' with message 'The system is unable to find the requested action "css".' in D:\wamp\www\yii\framework\web\CController.php:483
Stack trace:
#0 D:\wamp\www\yii\framework\web\CController.php(270): CController->missingAction('css')
#1 D:\wamp\www\yii\framework\web\CWebApplication.php(282): CController->run('css')
#2 D:\wamp\www\yii\framework\web\CWebApplication.php(141): CWebApplication->runController('site/css/front/...')
#3 D:\wamp\www\yii\framework\base\CApplication.php(180): CWebApplication->processRequest()
#4 D:\wamp\www\yii\testyii\index.php(13): CApplication->run()
#5 {main}
REQUEST_URI=/index.php/site/css/front/style.css
HTTP_REFERER=http://www.testapp.com/index.php/site/login
---
2015/01/22 06:47:17 [error] [exception.CHttpException.404] exception 'CHttpException' with message 'The system is unable to find the requested action "js".' in D:\wamp\www\yii\framework\web\CController.php:483
Stack trace:
#0 D:\wamp\www\yii\framework\web\CController.php(270): CController->missingAction('js')
#1 D:\wamp\www\yii\framework\web\CWebApplication.php(282): CController->run('js')
#2 D:\wamp\www\yii\framework\web\CWebApplication.php(141): CWebApplication->runController('site/js/jquery....')
#3 D:\wamp\www\yii\framework\base\CApplication.php(180): CWebApplication->processRequest()
#4 D:\wamp\www\yii\testyii\index.php(13): CApplication->run()
#5 {main}
REQUEST_URI=/index.php/site/js/jquery.min.js
HTTP_REFERER=http://www.testapp.com/index.php/site/login
---
2015/01/22 06:47:21 [error] [exception.CHttpException.404] exception 'CHttpException' with message 'The system is unable to find the requested action "js".' in D:\wamp\www\yii\framework\web\CController.php:483
Stack trace:
#0 D:\wamp\www\yii\framework\web\CController.php(270): CController->missingAction('js')
#1 D:\wamp\www\yii\framework\web\CWebApplication.php(282): CController->run('js')
#2 D:\wamp\www\yii\framework\web\CWebApplication.php(141): CWebApplication->runController('site/js/jquery....')
#3 D:\wamp\www\yii\framework\base\CApplication.php(180): CWebApplication->processRequest()
#4 D:\wamp\www\yii\testyii\index.php(13): CApplication->run()
#5 {main}
REQUEST_URI=/index.php/site/js/jquery.min.js
HTTP_REFERER=http://www.testapp.com/index.php/site/login
---
2015/01/22 06:47:21 [error] [exception.CHttpException.404] exception 'CHttpException' with message 'The system is unable to find the requested action "css".' in D:\wamp\www\yii\framework\web\CController.php:483
Stack trace:
#0 D:\wamp\www\yii\framework\web\CController.php(270): CController->missingAction('css')
#1 D:\wamp\www\yii\framework\web\CWebApplication.php(282): CController->run('css')
#2 D:\wamp\www\yii\framework\web\CWebApplication.php(141): CWebApplication->runController('site/css/front/...')
#3 D:\wamp\www\yii\framework\base\CApplication.php(180): CWebApplication->processRequest()
#4 D:\wamp\www\yii\testyii\index.php(13): CApplication->run()
#5 {main}
REQUEST_URI=/index.php/site/css/front/style.css
HTTP_REFERER=http://www.testapp.com/index.php/site/login
---
2015/01/22 06:49:35 [error] [exception.CHttpException.404] exception 'CHttpException' with message 'The system is unable to find the requested action "css".' in D:\wamp\www\yii\framework\web\CController.php:483
Stack trace:
#0 D:\wamp\www\yii\framework\web\CController.php(270): CController->missingAction('css')
#1 D:\wamp\www\yii\framework\web\CWebApplication.php(282): CController->run('css')
#2 D:\wamp\www\yii\framework\web\CWebApplication.php(141): CWebApplication->runController('site/css/front/...')
#3 D:\wamp\www\yii\framework\base\CApplication.php(180): CWebApplication->processRequest()
#4 D:\wamp\www\yii\testyii\index.php(13): CApplication->run()
#5 {main}
REQUEST_URI=/index.php/site/css/front/style.css
HTTP_REFERER=http://www.testapp.com/index.php/site/login
---
2015/01/22 06:49:35 [error] [exception.CHttpException.404] exception 'CHttpException' with message 'The system is unable to find the requested action "js".' in D:\wamp\www\yii\framework\web\CController.php:483
Stack trace:
#0 D:\wamp\www\yii\framework\web\CController.php(270): CController->missingAction('js')
#1 D:\wamp\www\yii\framework\web\CWebApplication.php(282): CController->run('js')
#2 D:\wamp\www\yii\framework\web\CWebApplication.php(141): CWebApplication->runController('site/js/jquery....')
#3 D:\wamp\www\yii\framework\base\CApplication.php(180): CWebApplication->processRequest()
#4 D:\wamp\www\yii\testyii\index.php(13): CApplication->run()
#5 {main}
REQUEST_URI=/index.php/site/js/jquery.min.js
HTTP_REFERER=http://www.testapp.com/index.php/site/login
---
2015/01/27 02:10:27 [error] [exception.CHttpException.404] exception 'CHttpException' with message 'Unable to resolve the request "site.login".' in D:\wamp\www\yii\framework\web\CWebApplication.php:286
Stack trace:
#0 D:\wamp\www\yii\framework\web\CWebApplication.php(141): CWebApplication->runController('site.login')
#1 D:\wamp\www\yii\framework\base\CApplication.php(180): CWebApplication->processRequest()
#2 D:\wamp\www\yii\testyii\index.php(13): CApplication->run()
#3 {main}
REQUEST_URI=/index.php/site.login
---
2015/01/30 02:47:21 [error] [php] include(Model.php) [<a href='function.include'>function.include</a>]: failed to open stream: No such file or directory (D:\wamp\www\yii\framework\YiiBase.php:427)
Stack trace:
#0 D:\wamp\www\yii\testyii\protected\models\EntryForm.php(4): spl_autoload_call()
#1 D:\wamp\www\yii\framework\YiiBase.php(427): include()
#2 unknown(0): autoload()
#3 D:\wamp\www\yii\testyii\protected\front\controllers\SiteController.php(22): spl_autoload_call()
#4 D:\wamp\www\yii\framework\web\actions\CInlineAction.php(49): SiteController->actionLogin()
#5 D:\wamp\www\yii\framework\web\CController.php(308): CInlineAction->runWithParams()
#6 D:\wamp\www\yii\framework\web\CController.php(286): SiteController->runAction()
#7 D:\wamp\www\yii\framework\web\CController.php(265): SiteController->runActionWithFilters()
#8 D:\wamp\www\yii\framework\web\CWebApplication.php(282): SiteController->run()
#9 D:\wamp\www\yii\framework\web\CWebApplication.php(141): CWebApplication->runController()
#10 D:\wamp\www\yii\framework\base\CApplication.php(180): CWebApplication->processRequest()
#11 D:\wamp\www\yii\testyii\index.php(13): CWebApplication->run()
REQUEST_URI=/index.php/site/login
in D:\wamp\www\yii\testyii\protected\models\EntryForm.php (4)
in D:\wamp\www\yii\testyii\protected\front\controllers\SiteController.php (22)
in D:\wamp\www\yii\testyii\index.php (13)
2015/01/30 02:49:01 [error] [php] include(Model.php) [<a href='function.include'>function.include</a>]: failed to open stream: No such file or directory (D:\wamp\www\yii\framework\YiiBase.php:427)
Stack trace:
#0 D:\wamp\www\yii\testyii\protected\models\EntryForm.php(4): spl_autoload_call()
#1 D:\wamp\www\yii\framework\YiiBase.php(427): include()
#2 unknown(0): autoload()
#3 D:\wamp\www\yii\testyii\protected\front\controllers\SiteController.php(22): spl_autoload_call()
#4 D:\wamp\www\yii\framework\web\actions\CInlineAction.php(49): SiteController->actionLogin()
#5 D:\wamp\www\yii\framework\web\CController.php(308): CInlineAction->runWithParams()
#6 D:\wamp\www\yii\framework\web\CController.php(286): SiteController->runAction()
#7 D:\wamp\www\yii\framework\web\CController.php(265): SiteController->runActionWithFilters()
#8 D:\wamp\www\yii\framework\web\CWebApplication.php(282): SiteController->run()
#9 D:\wamp\www\yii\framework\web\CWebApplication.php(141): CWebApplication->runController()
#10 D:\wamp\www\yii\framework\base\CApplication.php(180): CWebApplication->processRequest()
#11 D:\wamp\www\yii\testyii\index.php(13): CWebApplication->run()
REQUEST_URI=/index.php/site/login
in D:\wamp\www\yii\testyii\protected\models\EntryForm.php (4)
in D:\wamp\www\yii\testyii\protected\front\controllers\SiteController.php (22)
in D:\wamp\www\yii\testyii\index.php (13)
2015/01/30 02:49:02 [error] [php] include(Model.php) [<a href='function.include'>function.include</a>]: failed to open stream: No such file or directory (D:\wamp\www\yii\framework\YiiBase.php:427)
Stack trace:
#0 D:\wamp\www\yii\testyii\protected\models\EntryForm.php(4): spl_autoload_call()
#1 D:\wamp\www\yii\framework\YiiBase.php(427): include()
#2 unknown(0): autoload()
#3 D:\wamp\www\yii\testyii\protected\front\controllers\SiteController.php(22): spl_autoload_call()
#4 D:\wamp\www\yii\framework\web\actions\CInlineAction.php(49): SiteController->actionLogin()
#5 D:\wamp\www\yii\framework\web\CController.php(308): CInlineAction->runWithParams()
#6 D:\wamp\www\yii\framework\web\CController.php(286): SiteController->runAction()
#7 D:\wamp\www\yii\framework\web\CController.php(265): SiteController->runActionWithFilters()
#8 D:\wamp\www\yii\framework\web\CWebApplication.php(282): SiteController->run()
#9 D:\wamp\www\yii\framework\web\CWebApplication.php(141): CWebApplication->runController()
#10 D:\wamp\www\yii\framework\base\CApplication.php(180): CWebApplication->processRequest()
#11 D:\wamp\www\yii\testyii\index.php(13): CWebApplication->run()
REQUEST_URI=/index.php/site/login
in D:\wamp\www\yii\testyii\protected\models\EntryForm.php (4)
in D:\wamp\www\yii\testyii\protected\front\controllers\SiteController.php (22)
in D:\wamp\www\yii\testyii\index.php (13)
2015/01/30 02:49:03 [error] [php] include(Model.php) [<a href='function.include'>function.include</a>]: failed to open stream: No such file or directory (D:\wamp\www\yii\framework\YiiBase.php:427)
Stack trace:
#0 D:\wamp\www\yii\testyii\protected\models\EntryForm.php(4): spl_autoload_call()
#1 D:\wamp\www\yii\framework\YiiBase.php(427): include()
#2 unknown(0): autoload()
#3 D:\wamp\www\yii\testyii\protected\front\controllers\SiteController.php(22): spl_autoload_call()
#4 D:\wamp\www\yii\framework\web\actions\CInlineAction.php(49): SiteController->actionLogin()
#5 D:\wamp\www\yii\framework\web\CController.php(308): CInlineAction->runWithParams()
#6 D:\wamp\www\yii\framework\web\CController.php(286): SiteController->runAction()
#7 D:\wamp\www\yii\framework\web\CController.php(265): SiteController->runActionWithFilters()
#8 D:\wamp\www\yii\framework\web\CWebApplication.php(282): SiteController->run()
#9 D:\wamp\www\yii\framework\web\CWebApplication.php(141): CWebApplication->runController()
#10 D:\wamp\www\yii\framework\base\CApplication.php(180): CWebApplication->processRequest()
#11 D:\wamp\www\yii\testyii\index.php(13): CWebApplication->run()
REQUEST_URI=/index.php/site/login
in D:\wamp\www\yii\testyii\protected\models\EntryForm.php (4)
in D:\wamp\www\yii\testyii\protected\front\controllers\SiteController.php (22)
in D:\wamp\www\yii\testyii\index.php (13)
2015/01/30 02:49:13 [error] [php] include(Model.php) [<a href='function.include'>function.include</a>]: failed to open stream: No such file or directory (D:\wamp\www\yii\framework\YiiBase.php:427)
Stack trace:
#0 D:\wamp\www\yii\testyii\protected\models\EntryForm.php(4): spl_autoload_call()
#1 D:\wamp\www\yii\framework\YiiBase.php(427): include()
#2 unknown(0): autoload()
#3 D:\wamp\www\yii\testyii\protected\front\controllers\SiteController.php(22): spl_autoload_call()
#4 D:\wamp\www\yii\framework\web\actions\CInlineAction.php(49): SiteController->actionLogin()
#5 D:\wamp\www\yii\framework\web\CController.php(308): CInlineAction->runWithParams()
#6 D:\wamp\www\yii\framework\web\CController.php(286): SiteController->runAction()
#7 D:\wamp\www\yii\framework\web\CController.php(265): SiteController->runActionWithFilters()
#8 D:\wamp\www\yii\framework\web\CWebApplication.php(282): SiteController->run()
#9 D:\wamp\www\yii\framework\web\CWebApplication.php(141): CWebApplication->runController()
#10 D:\wamp\www\yii\framework\base\CApplication.php(180): CWebApplication->processRequest()
#11 D:\wamp\www\yii\testyii\index.php(13): CWebApplication->run()
REQUEST_URI=/index.php/site/login
in D:\wamp\www\yii\testyii\protected\models\EntryForm.php (4)
in D:\wamp\www\yii\testyii\protected\front\controllers\SiteController.php (22)
in D:\wamp\www\yii\testyii\index.php (13)
2015/01/30 02:49:44 [error] [php] include(Model.php) [<a href='function.include'>function.include</a>]: failed to open stream: No such file or directory (D:\wamp\www\yii\framework\YiiBase.php:427)
Stack trace:
#0 D:\wamp\www\yii\testyii\protected\models\EntryForm.php(4): spl_autoload_call()
#1 D:\wamp\www\yii\framework\YiiBase.php(427): include()
#2 unknown(0): autoload()
#3 D:\wamp\www\yii\testyii\protected\front\controllers\SiteController.php(22): spl_autoload_call()
#4 D:\wamp\www\yii\framework\web\actions\CInlineAction.php(49): SiteController->actionLogin()
#5 D:\wamp\www\yii\framework\web\CController.php(308): CInlineAction->runWithParams()
#6 D:\wamp\www\yii\framework\web\CController.php(286): SiteController->runAction()
#7 D:\wamp\www\yii\framework\web\CController.php(265): SiteController->runActionWithFilters()
#8 D:\wamp\www\yii\framework\web\CWebApplication.php(282): SiteController->run()
#9 D:\wamp\www\yii\framework\web\CWebApplication.php(141): CWebApplication->runController()
#10 D:\wamp\www\yii\framework\base\CApplication.php(180): CWebApplication->processRequest()
#11 D:\wamp\www\yii\testyii\index.php(13): CWebApplication->run()
REQUEST_URI=/index.php/site/login
in D:\wamp\www\yii\testyii\protected\models\EntryForm.php (4)
in D:\wamp\www\yii\testyii\protected\front\controllers\SiteController.php (22)
in D:\wamp\www\yii\testyii\index.php (13)
2015/01/30 02:49:45 [error] [php] include(Model.php) [<a href='function.include'>function.include</a>]: failed to open stream: No such file or directory (D:\wamp\www\yii\framework\YiiBase.php:427)
Stack trace:
#0 D:\wamp\www\yii\testyii\protected\models\EntryForm.php(4): spl_autoload_call()
#1 D:\wamp\www\yii\framework\YiiBase.php(427): include()
#2 unknown(0): autoload()
#3 D:\wamp\www\yii\testyii\protected\front\controllers\SiteController.php(22): spl_autoload_call()
#4 D:\wamp\www\yii\framework\web\actions\CInlineAction.php(49): SiteController->actionLogin()
#5 D:\wamp\www\yii\framework\web\CController.php(308): CInlineAction->runWithParams()
#6 D:\wamp\www\yii\framework\web\CController.php(286): SiteController->runAction()
#7 D:\wamp\www\yii\framework\web\CController.php(265): SiteController->runActionWithFilters()
#8 D:\wamp\www\yii\framework\web\CWebApplication.php(282): SiteController->run()
#9 D:\wamp\www\yii\framework\web\CWebApplication.php(141): CWebApplication->runController()
#10 D:\wamp\www\yii\framework\base\CApplication.php(180): CWebApplication->processRequest()
#11 D:\wamp\www\yii\testyii\index.php(13): CWebApplication->run()
REQUEST_URI=/index.php/site/login
in D:\wamp\www\yii\testyii\protected\models\EntryForm.php (4)
in D:\wamp\www\yii\testyii\protected\front\controllers\SiteController.php (22)
in D:\wamp\www\yii\testyii\index.php (13)
2015/01/30 02:50:17 [error] [php] include(Model.php) [<a href='function.include'>function.include</a>]: failed to open stream: No such file or directory (D:\wamp\www\yii\framework\YiiBase.php:427)
Stack trace:
#0 D:\wamp\www\yii\testyii\protected\models\EntryForm.php(4): spl_autoload_call()
#1 D:\wamp\www\yii\framework\YiiBase.php(427): include()
#2 unknown(0): autoload()
#3 D:\wamp\www\yii\testyii\protected\front\controllers\SiteController.php(22): spl_autoload_call()
#4 D:\wamp\www\yii\framework\web\actions\CInlineAction.php(49): SiteController->actionLogin()
#5 D:\wamp\www\yii\framework\web\CController.php(308): CInlineAction->runWithParams()
#6 D:\wamp\www\yii\framework\web\CController.php(286): SiteController->runAction()
#7 D:\wamp\www\yii\framework\web\CController.php(265): SiteController->runActionWithFilters()
#8 D:\wamp\www\yii\framework\web\CWebApplication.php(282): SiteController->run()
#9 D:\wamp\www\yii\framework\web\CWebApplication.php(141): CWebApplication->runController()
#10 D:\wamp\www\yii\framework\base\CApplication.php(180): CWebApplication->processRequest()
#11 D:\wamp\www\yii\testyii\index.php(13): CWebApplication->run()
REQUEST_URI=/index.php/site/login
in D:\wamp\www\yii\testyii\protected\models\EntryForm.php (4)
in D:\wamp\www\yii\testyii\protected\front\controllers\SiteController.php (22)
in D:\wamp\www\yii\testyii\index.php (13)
2015/01/30 02:50:18 [error] [php] include(Model.php) [<a href='function.include'>function.include</a>]: failed to open stream: No such file or directory (D:\wamp\www\yii\framework\YiiBase.php:427)
Stack trace:
#0 D:\wamp\www\yii\testyii\protected\models\EntryForm.php(4): spl_autoload_call()
#1 D:\wamp\www\yii\framework\YiiBase.php(427): include()
#2 unknown(0): autoload()
#3 D:\wamp\www\yii\testyii\protected\front\controllers\SiteController.php(22): spl_autoload_call()
#4 D:\wamp\www\yii\framework\web\actions\CInlineAction.php(49): SiteController->actionLogin()
#5 D:\wamp\www\yii\framework\web\CController.php(308): CInlineAction->runWithParams()
#6 D:\wamp\www\yii\framework\web\CController.php(286): SiteController->runAction()
#7 D:\wamp\www\yii\framework\web\CController.php(265): SiteController->runActionWithFilters()
#8 D:\wamp\www\yii\framework\web\CWebApplication.php(282): SiteController->run()
#9 D:\wamp\www\yii\framework\web\CWebApplication.php(141): CWebApplication->runController()
#10 D:\wamp\www\yii\framework\base\CApplication.php(180): CWebApplication->processRequest()
#11 D:\wamp\www\yii\testyii\index.php(13): CWebApplication->run()
REQUEST_URI=/index.php/site/login
in D:\wamp\www\yii\testyii\protected\models\EntryForm.php (4)
in D:\wamp\www\yii\testyii\protected\front\controllers\SiteController.php (22)
in D:\wamp\www\yii\testyii\index.php (13)
2015/01/30 02:50:19 [error] [php] include(Model.php) [<a href='function.include'>function.include</a>]: failed to open stream: No such file or directory (D:\wamp\www\yii\framework\YiiBase.php:427)
Stack trace:
#0 D:\wamp\www\yii\testyii\protected\models\EntryForm.php(4): spl_autoload_call()
#1 D:\wamp\www\yii\framework\YiiBase.php(427): include()
#2 unknown(0): autoload()
#3 D:\wamp\www\yii\testyii\protected\front\controllers\SiteController.php(22): spl_autoload_call()
#4 D:\wamp\www\yii\framework\web\actions\CInlineAction.php(49): SiteController->actionLogin()
#5 D:\wamp\www\yii\framework\web\CController.php(308): CInlineAction->runWithParams()
#6 D:\wamp\www\yii\framework\web\CController.php(286): SiteController->runAction()
#7 D:\wamp\www\yii\framework\web\CController.php(265): SiteController->runActionWithFilters()
#8 D:\wamp\www\yii\framework\web\CWebApplication.php(282): SiteController->run()
#9 D:\wamp\www\yii\framework\web\CWebApplication.php(141): CWebApplication->runController()
#10 D:\wamp\www\yii\framework\base\CApplication.php(180): CWebApplication->processRequest()
#11 D:\wamp\www\yii\testyii\index.php(13): CWebApplication->run()
REQUEST_URI=/index.php/site/login
in D:\wamp\www\yii\testyii\protected\models\EntryForm.php (4)
in D:\wamp\www\yii\testyii\protected\front\controllers\SiteController.php (22)
in D:\wamp\www\yii\testyii\index.php (13)
2015/01/30 02:50:20 [error] [php] include(Model.php) [<a href='function.include'>function.include</a>]: failed to open stream: No such file or directory (D:\wamp\www\yii\framework\YiiBase.php:427)
Stack trace:
#0 D:\wamp\www\yii\testyii\protected\models\EntryForm.php(4): spl_autoload_call()
#1 D:\wamp\www\yii\framework\YiiBase.php(427): include()
#2 unknown(0): autoload()
#3 D:\wamp\www\yii\testyii\protected\front\controllers\SiteController.php(22): spl_autoload_call()
#4 D:\wamp\www\yii\framework\web\actions\CInlineAction.php(49): SiteController->actionLogin()
#5 D:\wamp\www\yii\framework\web\CController.php(308): CInlineAction->runWithParams()
#6 D:\wamp\www\yii\framework\web\CController.php(286): SiteController->runAction()
#7 D:\wamp\www\yii\framework\web\CController.php(265): SiteController->runActionWithFilters()
#8 D:\wamp\www\yii\framework\web\CWebApplication.php(282): SiteController->run()
#9 D:\wamp\www\yii\framework\web\CWebApplication.php(141): CWebApplication->runController()
#10 D:\wamp\www\yii\framework\base\CApplication.php(180): CWebApplication->processRequest()
#11 D:\wamp\www\yii\testyii\index.php(13): CWebApplication->run()
REQUEST_URI=/index.php/site/login
in D:\wamp\www\yii\testyii\protected\models\EntryForm.php (4)
in D:\wamp\www\yii\testyii\protected\front\controllers\SiteController.php (22)
in D:\wamp\www\yii\testyii\index.php (13)
2015/01/30 02:50:22 [error] [php] include(Model.php) [<a href='function.include'>function.include</a>]: failed to open stream: No such file or directory (D:\wamp\www\yii\framework\YiiBase.php:427)
Stack trace:
#0 D:\wamp\www\yii\testyii\protected\models\EntryForm.php(4): spl_autoload_call()
#1 D:\wamp\www\yii\framework\YiiBase.php(427): include()
#2 unknown(0): autoload()
#3 D:\wamp\www\yii\testyii\protected\front\controllers\SiteController.php(22): spl_autoload_call()
#4 D:\wamp\www\yii\framework\web\actions\CInlineAction.php(49): SiteController->actionLogin()
#5 D:\wamp\www\yii\framework\web\CController.php(308): CInlineAction->runWithParams()
#6 D:\wamp\www\yii\framework\web\CController.php(286): SiteController->runAction()
#7 D:\wamp\www\yii\framework\web\CController.php(265): SiteController->runActionWithFilters()
#8 D:\wamp\www\yii\framework\web\CWebApplication.php(282): SiteController->run()
#9 D:\wamp\www\yii\framework\web\CWebApplication.php(141): CWebApplication->runController()
#10 D:\wamp\www\yii\framework\base\CApplication.php(180): CWebApplication->processRequest()
#11 D:\wamp\www\yii\testyii\index.php(13): CWebApplication->run()
REQUEST_URI=/index.php/site/login
in D:\wamp\www\yii\testyii\protected\models\EntryForm.php (4)
in D:\wamp\www\yii\testyii\protected\front\controllers\SiteController.php (22)
in D:\wamp\www\yii\testyii\index.php (13)
2015/01/30 02:51:12 [error] [php] Missing argument 1 for CHttpRequest::getPost(), called in D:\wamp\www\yii\framework\base\CComponent.php on line 111 and defined (D:\wamp\www\yii\framework\web\CHttpRequest.php:197)
Stack trace:
#0 D:\wamp\www\yii\testyii\protected\front\controllers\SiteController.php(23): CHttpRequest->__call()
#1 D:\wamp\www\yii\testyii\protected\front\controllers\SiteController.php(23): CHttpRequest->post()
#2 D:\wamp\www\yii\framework\web\actions\CInlineAction.php(49): SiteController->actionLogin()
#3 D:\wamp\www\yii\framework\web\CController.php(308): CInlineAction->runWithParams()
#4 D:\wamp\www\yii\framework\web\CController.php(286): SiteController->runAction()
#5 D:\wamp\www\yii\framework\web\CController.php(265): SiteController->runActionWithFilters()
#6 D:\wamp\www\yii\framework\web\CWebApplication.php(282): SiteController->run()
#7 D:\wamp\www\yii\framework\web\CWebApplication.php(141): CWebApplication->runController()
#8 D:\wamp\www\yii\framework\base\CApplication.php(180): CWebApplication->processRequest()
#9 D:\wamp\www\yii\testyii\index.php(13): CWebApplication->run()
REQUEST_URI=/index.php/site/login
in D:\wamp\www\yii\testyii\protected\front\controllers\SiteController.php (23)
in D:\wamp\www\yii\testyii\protected\front\controllers\SiteController.php (23)
in D:\wamp\www\yii\testyii\index.php (13)
2015/01/30 02:51:37 [error] [php] Missing argument 1 for CHttpRequest::getPost(), called in D:\wamp\www\yii\framework\base\CComponent.php on line 111 and defined (D:\wamp\www\yii\framework\web\CHttpRequest.php:197)
Stack trace:
#0 D:\wamp\www\yii\testyii\protected\front\controllers\SiteController.php(23): CHttpRequest->__call()
#1 D:\wamp\www\yii\testyii\protected\front\controllers\SiteController.php(23): CHttpRequest->post()
#2 D:\wamp\www\yii\framework\web\actions\CInlineAction.php(49): SiteController->actionLogin()
#3 D:\wamp\www\yii\framework\web\CController.php(308): CInlineAction->runWithParams()
#4 D:\wamp\www\yii\framework\web\CController.php(286): SiteController->runAction()
#5 D:\wamp\www\yii\framework\web\CController.php(265): SiteController->runActionWithFilters()
#6 D:\wamp\www\yii\framework\web\CWebApplication.php(282): SiteController->run()
#7 D:\wamp\www\yii\framework\web\CWebApplication.php(141): CWebApplication->runController()
#8 D:\wamp\www\yii\framework\base\CApplication.php(180): CWebApplication->processRequest()
#9 D:\wamp\www\yii\testyii\index.php(13): CWebApplication->run()
REQUEST_URI=/index.php/site/login
in D:\wamp\www\yii\testyii\protected\front\controllers\SiteController.php (23)
in D:\wamp\www\yii\testyii\protected\front\controllers\SiteController.php (23)
in D:\wamp\www\yii\testyii\index.php (13)
2015/01/30 02:53:29 [error] [php] include(ActiveForm.php) [<a href='function.include'>function.include</a>]: failed to open stream: No such file or directory (D:\wamp\www\yii\framework\YiiBase.php:427)
Stack trace:
#0 D:\wamp\www\yii\testyii\protected\front\views\site\entry.php(5): spl_autoload_call()
#1 D:\wamp\www\yii\framework\web\CBaseController.php(126): require()
#2 D:\wamp\www\yii\framework\web\CBaseController.php(95): SiteController->renderInternal()
#3 D:\wamp\www\yii\framework\web\CController.php(869): SiteController->renderFile()
#4 D:\wamp\www\yii\framework\web\CController.php(782): SiteController->renderPartial()
#5 D:\wamp\www\yii\testyii\protected\front\controllers\SiteController.php(26): SiteController->render()
#6 D:\wamp\www\yii\framework\web\actions\CInlineAction.php(49): SiteController->actionLogin()
#7 D:\wamp\www\yii\framework\web\CController.php(308): CInlineAction->runWithParams()
#8 D:\wamp\www\yii\framework\web\CController.php(286): SiteController->runAction()
#9 D:\wamp\www\yii\framework\web\CController.php(265): SiteController->runActionWithFilters()
#10 D:\wamp\www\yii\framework\web\CWebApplication.php(282): SiteController->run()
#11 D:\wamp\www\yii\framework\web\CWebApplication.php(141): CWebApplication->runController()
#12 D:\wamp\www\yii\framework\base\CApplication.php(180): CWebApplication->processRequest()
#13 D:\wamp\www\yii\testyii\index.php(13): CWebApplication->run()
REQUEST_URI=/index.php/site/login
in D:\wamp\www\yii\testyii\protected\front\views\site\entry.php (5)
in D:\wamp\www\yii\testyii\protected\front\controllers\SiteController.php (26)
in D:\wamp\www\yii\testyii\index.php (13)
2015/01/30 03:07:32 [error] [exception.CException] exception 'CException' with message 'Property "EntryForm.username" is not defined.' in D:\wamp\www\yii\framework\base\CComponent.php:130
Stack trace:
#0 D:\wamp\www\yii\framework\web\helpers\CHtml.php(2529): CComponent->__get('username')
#1 D:\wamp\www\yii\framework\web\helpers\CHtml.php(2252): CHtml::resolveValue(Object(EntryForm), 'username')
#2 D:\wamp\www\yii\framework\web\helpers\CHtml.php(1434): CHtml::activeInputField('text', Object(EntryForm), 'username', Array)
#3 D:\wamp\www\yii\framework\web\widgets\CActiveForm.php(725): CHtml::activeTextField(Object(EntryForm), 'username', Array)
#4 D:\wamp\www\yii\testyii\protected\front\views\site\entry.php(9): CActiveForm->textField(Object(EntryForm), 'username')
#5 D:\wamp\www\yii\framework\web\CBaseController.php(126): require('D:\wamp\www\yii...')
#6 D:\wamp\www\yii\framework\web\CBaseController.php(95): CBaseController->renderInternal('D:\wamp\www\yii...', Array, true)
#7 D:\wamp\www\yii\framework\web\CController.php(869): CBaseController->renderFile('D:\wamp\www\yii...', Array, true)
#8 D:\wamp\www\yii\framework\web\CController.php(782): CController->renderPartial('entry', Array, true)
#9 D:\wamp\www\yii\testyii\protected\front\controllers\SiteController.php(26): CController->render('entry', Array)
#10 D:\wamp\www\yii\framework\web\actions\CInlineAction.php(49): SiteController->actionLogin()
#11 D:\wamp\www\yii\framework\web\CController.php(308): CInlineAction->runWithParams(Array)
#12 D:\wamp\www\yii\framework\web\CController.php(286): CController->runAction(Object(CInlineAction))
#13 D:\wamp\www\yii\framework\web\CController.php(265): CController->runActionWithFilters(Object(CInlineAction), Array)
#14 D:\wamp\www\yii\framework\web\CWebApplication.php(282): CController->run('login')
#15 D:\wamp\www\yii\framework\web\CWebApplication.php(141): CWebApplication->runController('site/login')
#16 D:\wamp\www\yii\framework\base\CApplication.php(180): CWebApplication->processRequest()
#17 D:\wamp\www\yii\testyii\index.php(13): CApplication->run()
#18 {main}
REQUEST_URI=/index.php/site/login
---
2015/01/30 03:07:34 [error] [exception.CException] exception 'CException' with message 'Property "EntryForm.username" is not defined.' in D:\wamp\www\yii\framework\base\CComponent.php:130
Stack trace:
#0 D:\wamp\www\yii\framework\web\helpers\CHtml.php(2529): CComponent->__get('username')
#1 D:\wamp\www\yii\framework\web\helpers\CHtml.php(2252): CHtml::resolveValue(Object(EntryForm), 'username')
#2 D:\wamp\www\yii\framework\web\helpers\CHtml.php(1434): CHtml::activeInputField('text', Object(EntryForm), 'username', Array)
#3 D:\wamp\www\yii\framework\web\widgets\CActiveForm.php(725): CHtml::activeTextField(Object(EntryForm), 'username', Array)
#4 D:\wamp\www\yii\testyii\protected\front\views\site\entry.php(9): CActiveForm->textField(Object(EntryForm), 'username')
#5 D:\wamp\www\yii\framework\web\CBaseController.php(126): require('D:\wamp\www\yii...')
#6 D:\wamp\www\yii\framework\web\CBaseController.php(95): CBaseController->renderInternal('D:\wamp\www\yii...', Array, true)
#7 D:\wamp\www\yii\framework\web\CController.php(869): CBaseController->renderFile('D:\wamp\www\yii...', Array, true)
#8 D:\wamp\www\yii\framework\web\CController.php(782): CController->renderPartial('entry', Array, true)
#9 D:\wamp\www\yii\testyii\protected\front\controllers\SiteController.php(26): CController->render('entry', Array)
#10 D:\wamp\www\yii\framework\web\actions\CInlineAction.php(49): SiteController->actionLogin()
#11 D:\wamp\www\yii\framework\web\CController.php(308): CInlineAction->runWithParams(Array)
#12 D:\wamp\www\yii\framework\web\CController.php(286): CController->runAction(Object(CInlineAction))
#13 D:\wamp\www\yii\framework\web\CController.php(265): CController->runActionWithFilters(Object(CInlineAction), Array)
#14 D:\wamp\www\yii\framework\web\CWebApplication.php(282): CController->run('login')
#15 D:\wamp\www\yii\framework\web\CWebApplication.php(141): CWebApplication->runController('site/login')
#16 D:\wamp\www\yii\framework\base\CApplication.php(180): CWebApplication->processRequest()
#17 D:\wamp\www\yii\testyii\index.php(13): CApplication->run()
#18 {main}
REQUEST_URI=/index.php/site/login
---
2015/01/30 03:19:45 [error] [exception.CException] exception 'CException' with message 'SiteController contains improperly nested widget tags in its view "D:\wamp\www\yii\testyii\protected\front\views\site\login.php". A CActiveForm widget does not have an endWidget() call.' in D:\wamp\www\yii\framework\web\CBaseController.php:101
Stack trace:
#0 D:\wamp\www\yii\framework\web\CController.php(869): CBaseController->renderFile('D:\wamp\www\yii...', Array, true)
#1 D:\wamp\www\yii\framework\web\CController.php(782): CController->renderPartial('login', Array, true)
#2 D:\wamp\www\yii\testyii\protected\front\controllers\SiteController.php(26): CController->render('login', Array)
#3 D:\wamp\www\yii\framework\web\actions\CInlineAction.php(49): SiteController->actionLogin()
#4 D:\wamp\www\yii\framework\web\CController.php(308): CInlineAction->runWithParams(Array)
#5 D:\wamp\www\yii\framework\web\CController.php(286): CController->runAction(Object(CInlineAction))
#6 D:\wamp\www\yii\framework\web\CController.php(265): CController->runActionWithFilters(Object(CInlineAction), Array)
#7 D:\wamp\www\yii\framework\web\CWebApplication.php(282): CController->run('login')
#8 D:\wamp\www\yii\framework\web\CWebApplication.php(141): CWebApplication->runController('site/login')
#9 D:\wamp\www\yii\framework\base\CApplication.php(180): CWebApplication->processRequest()
#10 D:\wamp\www\yii\testyii\index.php(13): CApplication->run()
#11 {main}
REQUEST_URI=/index.php/site/login
---
2015/01/30 03:20:37 [error] [exception.CException] exception 'CException' with message 'SiteController contains improperly nested widget tags in its view "D:\wamp\www\yii\testyii\protected\front\views\site\login.php". A CActiveForm widget does not have an endWidget() call.' in D:\wamp\www\yii\framework\web\CBaseController.php:101
Stack trace:
#0 D:\wamp\www\yii\framework\web\CController.php(869): CBaseController->renderFile('D:\wamp\www\yii...', Array, true)
#1 D:\wamp\www\yii\framework\web\CController.php(782): CController->renderPartial('login', Array, true)
#2 D:\wamp\www\yii\testyii\protected\front\controllers\SiteController.php(26): CController->render('login', Array)
#3 D:\wamp\www\yii\framework\web\actions\CInlineAction.php(49): SiteController->actionLogin()
#4 D:\wamp\www\yii\framework\web\CController.php(308): CInlineAction->runWithParams(Array)
#5 D:\wamp\www\yii\framework\web\CController.php(286): CController->runAction(Object(CInlineAction))
#6 D:\wamp\www\yii\framework\web\CController.php(265): CController->runActionWithFilters(Object(CInlineAction), Array)
#7 D:\wamp\www\yii\framework\web\CWebApplication.php(282): CController->run('login')
#8 D:\wamp\www\yii\framework\web\CWebApplication.php(141): CWebApplication->runController('site/login')
#9 D:\wamp\www\yii\framework\base\CApplication.php(180): CWebApplication->processRequest()
#10 D:\wamp\www\yii\testyii\index.php(13): CApplication->run()
#11 {main}
REQUEST_URI=/index.php/site/login
---
2015/01/30 03:36:08 [error] [exception.CException] exception 'CException' with message 'Property "EntryForm.password" is not defined.' in D:\wamp\www\yii\framework\base\CComponent.php:130
Stack trace:
#0 D:\wamp\www\yii\framework\web\helpers\CHtml.php(2529): CComponent->__get('password')
#1 D:\wamp\www\yii\framework\web\helpers\CHtml.php(2252): CHtml::resolveValue(Object(EntryForm), 'password')
#2 D:\wamp\www\yii\framework\web\helpers\CHtml.php(1434): CHtml::activeInputField('text', Object(EntryForm), 'password', Array)
#3 D:\wamp\www\yii\framework\web\widgets\CActiveForm.php(725): CHtml::activeTextField(Object(EntryForm), 'password', Array)
#4 D:\wamp\www\yii\testyii\protected\front\views\site\login.php(28): CActiveForm->textField(Object(EntryForm), 'password', Array)
#5 D:\wamp\www\yii\framework\web\CBaseController.php(126): require('D:\wamp\www\yii...')
#6 D:\wamp\www\yii\framework\web\CBaseController.php(95): CBaseController->renderInternal('D:\wamp\www\yii...', Array, true)
#7 D:\wamp\www\yii\framework\web\CController.php(869): CBaseController->renderFile('D:\wamp\www\yii...', Array, true)
#8 D:\wamp\www\yii\framework\web\CController.php(782): CController->renderPartial('login', Array, true)
#9 D:\wamp\www\yii\testyii\protected\front\controllers\SiteController.php(26): CController->render('login', Array)
#10 D:\wamp\www\yii\framework\web\actions\CInlineAction.php(49): SiteController->actionLogin()
#11 D:\wamp\www\yii\framework\web\CController.php(308): CInlineAction->runWithParams(Array)
#12 D:\wamp\www\yii\framework\web\CController.php(286): CController->runAction(Object(CInlineAction))
#13 D:\wamp\www\yii\framework\web\CController.php(265): CController->runActionWithFilters(Object(CInlineAction), Array)
#14 D:\wamp\www\yii\framework\web\CWebApplication.php(282): CController->run('login')
#15 D:\wamp\www\yii\framework\web\CWebApplication.php(141): CWebApplication->runController('site/login')
#16 D:\wamp\www\yii\framework\base\CApplication.php(180): CWebApplication->processRequest()
#17 D:\wamp\www\yii\testyii\index.php(13): CApplication->run()
#18 {main}
REQUEST_URI=/index.php/site/login
---
2015/01/30 03:36:32 [error] [exception.CException] exception 'CException' with message 'Property "EntryForm.password" is not defined.' in D:\wamp\www\yii\framework\base\CComponent.php:130
Stack trace:
#0 D:\wamp\www\yii\framework\web\helpers\CHtml.php(2529): CComponent->__get('password')
#1 D:\wamp\www\yii\framework\web\helpers\CHtml.php(2252): CHtml::resolveValue(Object(EntryForm), 'password')
#2 D:\wamp\www\yii\framework\web\helpers\CHtml.php(1434): CHtml::activeInputField('text', Object(EntryForm), 'password', Array)
#3 D:\wamp\www\yii\framework\web\widgets\CActiveForm.php(725): CHtml::activeTextField(Object(EntryForm), 'password', Array)
#4 D:\wamp\www\yii\testyii\protected\front\views\site\login.php(28): CActiveForm->textField(Object(EntryForm), 'password', Array)
#5 D:\wamp\www\yii\framework\web\CBaseController.php(126): require('D:\wamp\www\yii...')
#6 D:\wamp\www\yii\framework\web\CBaseController.php(95): CBaseController->renderInternal('D:\wamp\www\yii...', Array, true)
#7 D:\wamp\www\yii\framework\web\CController.php(869): CBaseController->renderFile('D:\wamp\www\yii...', Array, true)
#8 D:\wamp\www\yii\framework\web\CController.php(782): CController->renderPartial('login', Array, true)
#9 D:\wamp\www\yii\testyii\protected\front\controllers\SiteController.php(26): CController->render('login', Array)
#10 D:\wamp\www\yii\framework\web\actions\CInlineAction.php(49): SiteController->actionLogin()
#11 D:\wamp\www\yii\framework\web\CController.php(308): CInlineAction->runWithParams(Array)
#12 D:\wamp\www\yii\framework\web\CController.php(286): CController->runAction(Object(CInlineAction))
#13 D:\wamp\www\yii\framework\web\CController.php(265): CController->runActionWithFilters(Object(CInlineAction), Array)
#14 D:\wamp\www\yii\framework\web\CWebApplication.php(282): CController->run('login')
#15 D:\wamp\www\yii\framework\web\CWebApplication.php(141): CWebApplication->runController('site/login')
#16 D:\wamp\www\yii\framework\base\CApplication.php(180): CWebApplication->processRequest()
#17 D:\wamp\www\yii\testyii\index.php(13): CApplication->run()
#18 {main}
REQUEST_URI=/index.php/site/login
---
2015/01/30 03:36:37 [error] [exception.CException] exception 'CException' with message 'Property "EntryForm.password" is not defined.' in D:\wamp\www\yii\framework\base\CComponent.php:130
Stack trace:
#0 D:\wamp\www\yii\framework\web\helpers\CHtml.php(2529): CComponent->__get('password')
#1 D:\wamp\www\yii\framework\web\helpers\CHtml.php(2252): CHtml::resolveValue(Object(EntryForm), 'password')
#2 D:\wamp\www\yii\framework\web\helpers\CHtml.php(1434): CHtml::activeInputField('text', Object(EntryForm), 'password', Array)
#3 D:\wamp\www\yii\framework\web\widgets\CActiveForm.php(725): CHtml::activeTextField(Object(EntryForm), 'password', Array)
#4 D:\wamp\www\yii\testyii\protected\front\views\site\login.php(28): CActiveForm->textField(Object(EntryForm), 'password', Array)
#5 D:\wamp\www\yii\framework\web\CBaseController.php(126): require('D:\wamp\www\yii...')
#6 D:\wamp\www\yii\framework\web\CBaseController.php(95): CBaseController->renderInternal('D:\wamp\www\yii...', Array, true)
#7 D:\wamp\www\yii\framework\web\CController.php(869): CBaseController->renderFile('D:\wamp\www\yii...', Array, true)
#8 D:\wamp\www\yii\framework\web\CController.php(782): CController->renderPartial('login', Array, true)
#9 D:\wamp\www\yii\testyii\protected\front\controllers\SiteController.php(26): CController->render('login', Array)
#10 D:\wamp\www\yii\framework\web\actions\CInlineAction.php(49): SiteController->actionLogin()
#11 D:\wamp\www\yii\framework\web\CController.php(308): CInlineAction->runWithParams(Array)
#12 D:\wamp\www\yii\framework\web\CController.php(286): CController->runAction(Object(CInlineAction))
#13 D:\wamp\www\yii\framework\web\CController.php(265): CController->runActionWithFilters(Object(CInlineAction), Array)
#14 D:\wamp\www\yii\framework\web\CWebApplication.php(282): CController->run('login')
#15 D:\wamp\www\yii\framework\web\CWebApplication.php(141): CWebApplication->runController('site/login')
#16 D:\wamp\www\yii\framework\base\CApplication.php(180): CWebApplication->processRequest()
#17 D:\wamp\www\yii\testyii\index.php(13): CApplication->run()
#18 {main}
REQUEST_URI=/index.php/site/login
---
2015/01/30 03:37:59 [error] [exception.CException] exception 'CException' with message 'Property "EntryForm.password" is not defined.' in D:\wamp\www\yii\framework\base\CComponent.php:130
Stack trace:
#0 D:\wamp\www\yii\framework\web\helpers\CHtml.php(2529): CComponent->__get('password')
#1 D:\wamp\www\yii\framework\web\helpers\CHtml.php(2252): CHtml::resolveValue(Object(EntryForm), 'password')
#2 D:\wamp\www\yii\framework\web\helpers\CHtml.php(1434): CHtml::activeInputField('text', Object(EntryForm), 'password', Array)
#3 D:\wamp\www\yii\framework\web\widgets\CActiveForm.php(725): CHtml::activeTextField(Object(EntryForm), 'password', Array)
#4 D:\wamp\www\yii\testyii\protected\front\views\site\login.php(28): CActiveForm->textField(Object(EntryForm), 'password', Array)
#5 D:\wamp\www\yii\framework\web\CBaseController.php(126): require('D:\wamp\www\yii...')
#6 D:\wamp\www\yii\framework\web\CBaseController.php(95): CBaseController->renderInternal('D:\wamp\www\yii...', Array, true)
#7 D:\wamp\www\yii\framework\web\CController.php(869): CBaseController->renderFile('D:\wamp\www\yii...', Array, true)
#8 D:\wamp\www\yii\framework\web\CController.php(782): CController->renderPartial('login', Array, true)
#9 D:\wamp\www\yii\testyii\protected\front\controllers\SiteController.php(26): CController->render('login', Array)
#10 D:\wamp\www\yii\framework\web\actions\CInlineAction.php(49): SiteController->actionLogin()
#11 D:\wamp\www\yii\framework\web\CController.php(308): CInlineAction->runWithParams(Array)
#12 D:\wamp\www\yii\framework\web\CController.php(286): CController->runAction(Object(CInlineAction))
#13 D:\wamp\www\yii\framework\web\CController.php(265): CController->runActionWithFilters(Object(CInlineAction), Array)
#14 D:\wamp\www\yii\framework\web\CWebApplication.php(282): CController->run('login')
#15 D:\wamp\www\yii\framework\web\CWebApplication.php(141): CWebApplication->runController('site/login')
#16 D:\wamp\www\yii\framework\base\CApplication.php(180): CWebApplication->processRequest()
#17 D:\wamp\www\yii\testyii\index.php(13): CApplication->run()
#18 {main}
REQUEST_URI=/index.php/site/login
---
2015/01/30 03:41:27 [error] [exception.CException] exception 'CException' with message 'Property "EntryForm.pass" is not defined.' in D:\wamp\www\yii\framework\base\CComponent.php:130
Stack trace:
#0 D:\wamp\www\yii\framework\web\helpers\CHtml.php(2529): CComponent->__get('pass')
#1 D:\wamp\www\yii\framework\web\helpers\CHtml.php(2252): CHtml::resolveValue(Object(EntryForm), 'pass')
#2 D:\wamp\www\yii\framework\web\helpers\CHtml.php(1434): CHtml::activeInputField('text', Object(EntryForm), 'pass', Array)
#3 D:\wamp\www\yii\framework\web\widgets\CActiveForm.php(725): CHtml::activeTextField(Object(EntryForm), 'pass', Array)
#4 D:\wamp\www\yii\testyii\protected\front\views\site\login.php(28): CActiveForm->textField(Object(EntryForm), 'pass', Array)
#5 D:\wamp\www\yii\framework\web\CBaseController.php(126): require('D:\wamp\www\yii...')
#6 D:\wamp\www\yii\framework\web\CBaseController.php(95): CBaseController->renderInternal('D:\wamp\www\yii...', Array, true)
#7 D:\wamp\www\yii\framework\web\CController.php(869): CBaseController->renderFile('D:\wamp\www\yii...', Array, true)
#8 D:\wamp\www\yii\framework\web\CController.php(782): CController->renderPartial('login', Array, true)
#9 D:\wamp\www\yii\testyii\protected\front\controllers\SiteController.php(26): CController->render('login', Array)
#10 D:\wamp\www\yii\framework\web\actions\CInlineAction.php(49): SiteController->actionLogin()
#11 D:\wamp\www\yii\framework\web\CController.php(308): CInlineAction->runWithParams(Array)
#12 D:\wamp\www\yii\framework\web\CController.php(286): CController->runAction(Object(CInlineAction))
#13 D:\wamp\www\yii\framework\web\CController.php(265): CController->runActionWithFilters(Object(CInlineAction), Array)
#14 D:\wamp\www\yii\framework\web\CWebApplication.php(282): CController->run('login')
#15 D:\wamp\www\yii\framework\web\CWebApplication.php(141): CWebApplication->runController('site/login')
#16 D:\wamp\www\yii\framework\base\CApplication.php(180): CWebApplication->processRequest()
#17 D:\wamp\www\yii\testyii\index.php(13): CApplication->run()
#18 {main}
REQUEST_URI=/index.php/site/login
---
2015/01/30 03:43:23 [error] [exception.CException] exception 'CException' with message 'Property "EntryForm.password" is not defined.' in D:\wamp\www\yii\framework\base\CComponent.php:130
Stack trace:
#0 D:\wamp\www\yii\framework\web\helpers\CHtml.php(2529): CComponent->__get('password')
#1 D:\wamp\www\yii\framework\web\helpers\CHtml.php(2252): CHtml::resolveValue(Object(EntryForm), 'password')
#2 D:\wamp\www\yii\framework\web\helpers\CHtml.php(1434): CHtml::activeInputField('text', Object(EntryForm), 'password', Array)
#3 D:\wamp\www\yii\framework\web\widgets\CActiveForm.php(725): CHtml::activeTextField(Object(EntryForm), 'password', Array)
#4 D:\wamp\www\yii\testyii\protected\front\views\site\login.php(28): CActiveForm->textField(Object(EntryForm), 'password', Array)
#5 D:\wamp\www\yii\framework\web\CBaseController.php(126): require('D:\wamp\www\yii...')
#6 D:\wamp\www\yii\framework\web\CBaseController.php(95): CBaseController->renderInternal('D:\wamp\www\yii...', Array, true)
#7 D:\wamp\www\yii\framework\web\CController.php(869): CBaseController->renderFile('D:\wamp\www\yii...', Array, true)
#8 D:\wamp\www\yii\framework\web\CController.php(782): CController->renderPartial('login', Array, true)
#9 D:\wamp\www\yii\testyii\protected\front\controllers\SiteController.php(26): CController->render('login', Array)
#10 D:\wamp\www\yii\framework\web\actions\CInlineAction.php(49): SiteController->actionLogin()
#11 D:\wamp\www\yii\framework\web\CController.php(308): CInlineAction->runWithParams(Array)
#12 D:\wamp\www\yii\framework\web\CController.php(286): CController->runAction(Object(CInlineAction))
#13 D:\wamp\www\yii\framework\web\CController.php(265): CController->runActionWithFilters(Object(CInlineAction), Array)
#14 D:\wamp\www\yii\framework\web\CWebApplication.php(282): CController->run('login')
#15 D:\wamp\www\yii\framework\web\CWebApplication.php(141): CWebApplication->runController('site/login')
#16 D:\wamp\www\yii\framework\base\CApplication.php(180): CWebApplication->processRequest()
#17 D:\wamp\www\yii\testyii\index.php(13): CApplication->run()
#18 {main}
REQUEST_URI=/index.php/site/login
---
2015/01/30 03:51:04 [error] [exception.CException] exception 'CException' with message 'Property "EntryForm.password" is not defined.' in D:\wamp\www\yii\framework\base\CComponent.php:130
Stack trace:
#0 D:\wamp\www\yii\framework\web\helpers\CHtml.php(2529): CComponent->__get('password')
#1 D:\wamp\www\yii\framework\web\helpers\CHtml.php(2252): CHtml::resolveValue(Object(EntryForm), 'password')
#2 D:\wamp\www\yii\framework\web\helpers\CHtml.php(1628): CHtml::activeInputField('password', Object(EntryForm), 'password', Array)
#3 D:\wamp\www\yii\framework\web\widgets\CActiveForm.php(771): CHtml::activePasswordField(Object(EntryForm), 'password', Array)
#4 D:\wamp\www\yii\testyii\protected\front\views\site\login.php(28): CActiveForm->passwordField(Object(EntryForm), 'password', Array)
#5 D:\wamp\www\yii\framework\web\CBaseController.php(126): require('D:\wamp\www\yii...')
#6 D:\wamp\www\yii\framework\web\CBaseController.php(95): CBaseController->renderInternal('D:\wamp\www\yii...', Array, true)
#7 D:\wamp\www\yii\framework\web\CController.php(869): CBaseController->renderFile('D:\wamp\www\yii...', Array, true)
#8 D:\wamp\www\yii\framework\web\CController.php(782): CController->renderPartial('login', Array, true)
#9 D:\wamp\www\yii\testyii\protected\front\controllers\SiteController.php(26): CController->render('login', Array)
#10 D:\wamp\www\yii\framework\web\actions\CInlineAction.php(49): SiteController->actionLogin()
#11 D:\wamp\www\yii\framework\web\CController.php(308): CInlineAction->runWithParams(Array)
#12 D:\wamp\www\yii\framework\web\CController.php(286): CController->runAction(Object(CInlineAction))
#13 D:\wamp\www\yii\framework\web\CController.php(265): CController->runActionWithFilters(Object(CInlineAction), Array)
#14 D:\wamp\www\yii\framework\web\CWebApplication.php(282): CController->run('login')
#15 D:\wamp\www\yii\framework\web\CWebApplication.php(141): CWebApplication->runController('site/login')
#16 D:\wamp\www\yii\framework\base\CApplication.php(180): CWebApplication->processRequest()
#17 D:\wamp\www\yii\testyii\index.php(13): CApplication->run()
#18 {main}
REQUEST_URI=/index.php/site/login
---
2015/01/30 03:51:09 [error] [exception.CException] exception 'CException' with message 'Property "EntryForm.password" is not defined.' in D:\wamp\www\yii\framework\base\CComponent.php:130
Stack trace:
#0 D:\wamp\www\yii\framework\web\helpers\CHtml.php(2529): CComponent->__get('password')
#1 D:\wamp\www\yii\framework\web\helpers\CHtml.php(2252): CHtml::resolveValue(Object(EntryForm), 'password')
#2 D:\wamp\www\yii\framework\web\helpers\CHtml.php(1628): CHtml::activeInputField('password', Object(EntryForm), 'password', Array)
#3 D:\wamp\www\yii\framework\web\widgets\CActiveForm.php(771): CHtml::activePasswordField(Object(EntryForm), 'password', Array)
#4 D:\wamp\www\yii\testyii\protected\front\views\site\login.php(28): CActiveForm->passwordField(Object(EntryForm), 'password', Array)
#5 D:\wamp\www\yii\framework\web\CBaseController.php(126): require('D:\wamp\www\yii...')
#6 D:\wamp\www\yii\framework\web\CBaseController.php(95): CBaseController->renderInternal('D:\wamp\www\yii...', Array, true)
#7 D:\wamp\www\yii\framework\web\CController.php(869): CBaseController->renderFile('D:\wamp\www\yii...', Array, true)
#8 D:\wamp\www\yii\framework\web\CController.php(782): CController->renderPartial('login', Array, true)
#9 D:\wamp\www\yii\testyii\protected\front\controllers\SiteController.php(26): CController->render('login', Array)
#10 D:\wamp\www\yii\framework\web\actions\CInlineAction.php(49): SiteController->actionLogin()
#11 D:\wamp\www\yii\framework\web\CController.php(308): CInlineAction->runWithParams(Array)
#12 D:\wamp\www\yii\framework\web\CController.php(286): CController->runAction(Object(CInlineAction))
#13 D:\wamp\www\yii\framework\web\CController.php(265): CController->runActionWithFilters(Object(CInlineAction), Array)
#14 D:\wamp\www\yii\framework\web\CWebApplication.php(282): CController->run('login')
#15 D:\wamp\www\yii\framework\web\CWebApplication.php(141): CWebApplication->runController('site/login')
#16 D:\wamp\www\yii\framework\base\CApplication.php(180): CWebApplication->processRequest()
#17 D:\wamp\www\yii\testyii\index.php(13): CApplication->run()
#18 {main}
REQUEST_URI=/index.php/site/login
---
