2014/11/11 08:33:48 [error] [exception.CHttpException.404] exception 'CHttpException' with message 'Unable to resolve the request "teacher/index".' in D:\wamp\www\yii\framework\web\CWebApplication.php:286
Stack trace:
#0 D:\wamp\www\yii\framework\web\CWebApplication.php(141): CWebApplication->runController('teacher/index')
#1 D:\wamp\www\yii\framework\base\CApplication.php(180): CWebApplication->processRequest()
#2 D:\wamp\www\yii\adminapp\index.php(13): CApplication->run()
#3 {main}
REQUEST_URI=/yii/adminapp/index.php?r=teacher/index
---
2014/11/11 08:34:11 [error] [php] Use of undefined constant flase - assumed 'flase' (D:\wamp\www\yii\adminapp\protected\controllers\TeacherController.php:7)
Stack trace:
#0 D:\wamp\www\yii\framework\web\CController.php(286): TeacherController->runAction()
#1 D:\wamp\www\yii\framework\web\CController.php(265): TeacherController->runActionWithFilters()
#2 D:\wamp\www\yii\framework\web\CWebApplication.php(282): TeacherController->run()
#3 D:\wamp\www\yii\framework\web\CWebApplication.php(141): CWebApplication->runController()
#4 D:\wamp\www\yii\framework\base\CApplication.php(180): CWebApplication->processRequest()
#5 D:\wamp\www\yii\adminapp\index.php(13): CWebApplication->run()
REQUEST_URI=/yii/adminapp/index.php?r=teacher/index
in D:\wamp\www\yii\adminapp\protected\controllers\TeacherController.php (7)
in D:\wamp\www\yii\adminapp\index.php (13)
2014/11/12 06:08:18 [error] [exception.CException] exception 'CException' with message 'TeacherController cannot find the requested view "information".' in D:\wamp\www\yii\framework\web\CController.php:878
Stack trace:
#0 D:\wamp\www\yii\framework\web\CController.php(782): CController->renderPartial('information', NULL, true)
#1 D:\wamp\www\yii\adminapp\protected\controllers\TeacherController.php(12): CController->render('information')
#2 D:\wamp\www\yii\framework\web\actions\CInlineAction.php(49): TeacherController->actionInformation()
#3 D:\wamp\www\yii\framework\web\CController.php(308): CInlineAction->runWithParams(Array)
#4 D:\wamp\www\yii\framework\web\CController.php(286): CController->runAction(Object(CInlineAction))
#5 D:\wamp\www\yii\framework\web\CController.php(265): CController->runActionWithFilters(Object(CInlineAction), Array)
#6 D:\wamp\www\yii\framework\web\CWebApplication.php(282): CController->run('information')
#7 D:\wamp\www\yii\framework\web\CWebApplication.php(141): CWebApplication->runController('teacher/informa...')
#8 D:\wamp\www\yii\framework\base\CApplication.php(180): CWebApplication->processRequest()
#9 D:\wamp\www\yii\adminapp\index.php(13): CApplication->run()
#10 {main}
REQUEST_URI=/yii/adminapp/index.php?r=teacher/information
HTTP_REFERER=http://localhost/yii/adminapp/index.php?r=teacher/index
---
2014/11/12 06:15:29 [error] [exception.CException] exception 'CException' with message 'Property "CDbConnection.emulatePreare" is not defined.' in D:\wamp\www\yii\framework\base\CComponent.php:173
Stack trace:
#0 D:\wamp\www\yii\framework\YiiBase.php(220): CComponent->__set('emulatePreare', true)
#1 D:\wamp\www\yii\framework\base\CModule.php(386): YiiBase::createComponent(Array)
#2 D:\wamp\www\yii\framework\base\CModule.php(103): CModule->getComponent('db')
#3 D:\wamp\www\yii\adminapp\protected\controllers\TeacherController.php(12): CModule->__get('db')
#4 D:\wamp\www\yii\framework\web\actions\CInlineAction.php(49): TeacherController->actionInformation()
#5 D:\wamp\www\yii\framework\web\CController.php(308): CInlineAction->runWithParams(Array)
#6 D:\wamp\www\yii\framework\web\CController.php(286): CController->runAction(Object(CInlineAction))
#7 D:\wamp\www\yii\framework\web\CController.php(265): CController->runActionWithFilters(Object(CInlineAction), Array)
#8 D:\wamp\www\yii\framework\web\CWebApplication.php(282): CController->run('information')
#9 D:\wamp\www\yii\framework\web\CWebApplication.php(141): CWebApplication->runController('teacher/informa...')
#10 D:\wamp\www\yii\framework\base\CApplication.php(180): CWebApplication->processRequest()
#11 D:\wamp\www\yii\adminapp\index.php(13): CApplication->run()
#12 {main}
REQUEST_URI=/yii/adminapp/index.php?r=teacher/information
HTTP_REFERER=http://localhost/yii/adminapp/index.php?r=teacher/information
---
2014/11/12 06:17:54 [error] [exception.CException] exception 'CException' with message 'Property "CDbConnection.emulatePreare" is not defined.' in D:\wamp\www\yii\framework\base\CComponent.php:173
Stack trace:
#0 D:\wamp\www\yii\framework\YiiBase.php(220): CComponent->__set('emulatePreare', true)
#1 D:\wamp\www\yii\framework\base\CModule.php(386): YiiBase::createComponent(Array)
#2 D:\wamp\www\yii\framework\base\CModule.php(103): CModule->getComponent('db')
#3 D:\wamp\www\yii\adminapp\protected\controllers\TeacherController.php(12): CModule->__get('db')
#4 D:\wamp\www\yii\framework\web\actions\CInlineAction.php(49): TeacherController->actionInformation()
#5 D:\wamp\www\yii\framework\web\CController.php(308): CInlineAction->runWithParams(Array)
#6 D:\wamp\www\yii\framework\web\CController.php(286): CController->runAction(Object(CInlineAction))
#7 D:\wamp\www\yii\framework\web\CController.php(265): CController->runActionWithFilters(Object(CInlineAction), Array)
#8 D:\wamp\www\yii\framework\web\CWebApplication.php(282): CController->run('information')
#9 D:\wamp\www\yii\framework\web\CWebApplication.php(141): CWebApplication->runController('teacher/informa...')
#10 D:\wamp\www\yii\framework\base\CApplication.php(180): CWebApplication->processRequest()
#11 D:\wamp\www\yii\adminapp\index.php(13): CApplication->run()
#12 {main}
REQUEST_URI=/yii/adminapp/index.php?r=teacher/information
HTTP_REFERER=http://localhost/yii/adminapp/index.php?r=teacher/information
---
2014/11/12 06:17:56 [error] [exception.CException] exception 'CException' with message 'Property "CDbConnection.emulatePreare" is not defined.' in D:\wamp\www\yii\framework\base\CComponent.php:173
Stack trace:
#0 D:\wamp\www\yii\framework\YiiBase.php(220): CComponent->__set('emulatePreare', true)
#1 D:\wamp\www\yii\framework\base\CModule.php(386): YiiBase::createComponent(Array)
#2 D:\wamp\www\yii\framework\base\CModule.php(103): CModule->getComponent('db')
#3 D:\wamp\www\yii\adminapp\protected\controllers\TeacherController.php(12): CModule->__get('db')
#4 D:\wamp\www\yii\framework\web\actions\CInlineAction.php(49): TeacherController->actionInformation()
#5 D:\wamp\www\yii\framework\web\CController.php(308): CInlineAction->runWithParams(Array)
#6 D:\wamp\www\yii\framework\web\CController.php(286): CController->runAction(Object(CInlineAction))
#7 D:\wamp\www\yii\framework\web\CController.php(265): CController->runActionWithFilters(Object(CInlineAction), Array)
#8 D:\wamp\www\yii\framework\web\CWebApplication.php(282): CController->run('information')
#9 D:\wamp\www\yii\framework\web\CWebApplication.php(141): CWebApplication->runController('teacher/informa...')
#10 D:\wamp\www\yii\framework\base\CApplication.php(180): CWebApplication->processRequest()
#11 D:\wamp\www\yii\adminapp\index.php(13): CApplication->run()
#12 {main}
REQUEST_URI=/yii/adminapp/index.php?r=teacher/information
---
2014/11/12 06:18:12 [error] [exception.CException] exception 'CException' with message 'Property "CDbConnection.emulatePreare" is not defined.' in D:\wamp\www\yii\framework\base\CComponent.php:173
Stack trace:
#0 D:\wamp\www\yii\framework\YiiBase.php(220): CComponent->__set('emulatePreare', true)
#1 D:\wamp\www\yii\framework\base\CModule.php(386): YiiBase::createComponent(Array)
#2 D:\wamp\www\yii\framework\base\CModule.php(103): CModule->getComponent('db')
#3 D:\wamp\www\yii\adminapp\protected\controllers\TeacherController.php(12): CModule->__get('db')
#4 D:\wamp\www\yii\framework\web\actions\CInlineAction.php(49): TeacherController->actionInformation()
#5 D:\wamp\www\yii\framework\web\CController.php(308): CInlineAction->runWithParams(Array)
#6 D:\wamp\www\yii\framework\web\CController.php(286): CController->runAction(Object(CInlineAction))
#7 D:\wamp\www\yii\framework\web\CController.php(265): CController->runActionWithFilters(Object(CInlineAction), Array)
#8 D:\wamp\www\yii\framework\web\CWebApplication.php(282): CController->run('information')
#9 D:\wamp\www\yii\framework\web\CWebApplication.php(141): CWebApplication->runController('teacher/informa...')
#10 D:\wamp\www\yii\framework\base\CApplication.php(180): CWebApplication->processRequest()
#11 D:\wamp\www\yii\adminapp\index.php(13): CApplication->run()
#12 {main}
REQUEST_URI=/yii/adminapp/index.php?r=teacher/information
---
2014/11/12 06:18:20 [error] [php] Undefined variable: user (D:\wamp\www\yii\adminapp\protected\views\teacher\infomation.php:2)
Stack trace:
#0 D:\wamp\www\yii\framework\web\CController.php(869): TeacherController->renderFile()
#1 D:\wamp\www\yii\framework\web\CController.php(782): TeacherController->renderPartial()
#2 D:\wamp\www\yii\adminapp\protected\controllers\TeacherController.php(17): TeacherController->render()
#3 D:\wamp\www\yii\framework\web\actions\CInlineAction.php(49): TeacherController->actionInformation()
#4 D:\wamp\www\yii\framework\web\CController.php(308): CInlineAction->runWithParams()
#5 D:\wamp\www\yii\framework\web\CController.php(286): TeacherController->runAction()
#6 D:\wamp\www\yii\framework\web\CController.php(265): TeacherController->runActionWithFilters()
#7 D:\wamp\www\yii\framework\web\CWebApplication.php(282): TeacherController->run()
#8 D:\wamp\www\yii\framework\web\CWebApplication.php(141): CWebApplication->runController()
#9 D:\wamp\www\yii\framework\base\CApplication.php(180): CWebApplication->processRequest()
#10 D:\wamp\www\yii\adminapp\index.php(13): CWebApplication->run()
REQUEST_URI=/yii/adminapp/index.php?r=teacher/information
in D:\wamp\www\yii\adminapp\protected\views\teacher\infomation.php (2)
in D:\wamp\www\yii\adminapp\protected\controllers\TeacherController.php (17)
in D:\wamp\www\yii\adminapp\index.php (13)
2014/11/12 06:21:49 [error] [exception.CException] exception 'CException' with message 'Property "CDbConnection.emulatePreare" is not defined.' in D:\wamp\www\yii\framework\base\CComponent.php:173
Stack trace:
#0 D:\wamp\www\yii\framework\YiiBase.php(220): CComponent->__set('emulatePreare', true)
#1 D:\wamp\www\yii\framework\base\CModule.php(386): YiiBase::createComponent(Array)
#2 D:\wamp\www\yii\framework\base\CModule.php(103): CModule->getComponent('db')
#3 D:\wamp\www\yii\adminapp\protected\controllers\TeacherController.php(12): CModule->__get('db')
#4 D:\wamp\www\yii\framework\web\actions\CInlineAction.php(49): TeacherController->actionInformation()
#5 D:\wamp\www\yii\framework\web\CController.php(308): CInlineAction->runWithParams(Array)
#6 D:\wamp\www\yii\framework\web\CController.php(286): CController->runAction(Object(CInlineAction))
#7 D:\wamp\www\yii\framework\web\CController.php(265): CController->runActionWithFilters(Object(CInlineAction), Array)
#8 D:\wamp\www\yii\framework\web\CWebApplication.php(282): CController->run('information')
#9 D:\wamp\www\yii\framework\web\CWebApplication.php(141): CWebApplication->runController('teacher/informa...')
#10 D:\wamp\www\yii\framework\base\CApplication.php(180): CWebApplication->processRequest()
#11 D:\wamp\www\yii\adminapp\index.php(13): CApplication->run()
#12 {main}
REQUEST_URI=/yii/adminapp/index.php?r=teacher/information
---
2014/11/12 06:24:36 [error] [exception.CException] exception 'CException' with message 'Property "CDbConnection.emulatePreare" is not defined.' in D:\wamp\www\yii\framework\base\CComponent.php:173
Stack trace:
#0 D:\wamp\www\yii\framework\YiiBase.php(220): CComponent->__set('emulatePreare', false)
#1 D:\wamp\www\yii\framework\base\CModule.php(386): YiiBase::createComponent(Array)
#2 D:\wamp\www\yii\framework\base\CModule.php(103): CModule->getComponent('db')
#3 D:\wamp\www\yii\adminapp\protected\controllers\TeacherController.php(12): CModule->__get('db')
#4 D:\wamp\www\yii\framework\web\actions\CInlineAction.php(49): TeacherController->actionInformation()
#5 D:\wamp\www\yii\framework\web\CController.php(308): CInlineAction->runWithParams(Array)
#6 D:\wamp\www\yii\framework\web\CController.php(286): CController->runAction(Object(CInlineAction))
#7 D:\wamp\www\yii\framework\web\CController.php(265): CController->runActionWithFilters(Object(CInlineAction), Array)
#8 D:\wamp\www\yii\framework\web\CWebApplication.php(282): CController->run('information')
#9 D:\wamp\www\yii\framework\web\CWebApplication.php(141): CWebApplication->runController('teacher/informa...')
#10 D:\wamp\www\yii\framework\base\CApplication.php(180): CWebApplication->processRequest()
#11 D:\wamp\www\yii\adminapp\index.php(13): CApplication->run()
#12 {main}
REQUEST_URI=/yii/adminapp/index.php?r=teacher/information
---
2014/11/12 06:24:38 [error] [exception.CException] exception 'CException' with message 'Property "CDbConnection.emulatePreare" is not defined.' in D:\wamp\www\yii\framework\base\CComponent.php:173
Stack trace:
#0 D:\wamp\www\yii\framework\YiiBase.php(220): CComponent->__set('emulatePreare', false)
#1 D:\wamp\www\yii\framework\base\CModule.php(386): YiiBase::createComponent(Array)
#2 D:\wamp\www\yii\framework\base\CModule.php(103): CModule->getComponent('db')
#3 D:\wamp\www\yii\adminapp\protected\controllers\TeacherController.php(12): CModule->__get('db')
#4 D:\wamp\www\yii\framework\web\actions\CInlineAction.php(49): TeacherController->actionInformation()
#5 D:\wamp\www\yii\framework\web\CController.php(308): CInlineAction->runWithParams(Array)
#6 D:\wamp\www\yii\framework\web\CController.php(286): CController->runAction(Object(CInlineAction))
#7 D:\wamp\www\yii\framework\web\CController.php(265): CController->runActionWithFilters(Object(CInlineAction), Array)
#8 D:\wamp\www\yii\framework\web\CWebApplication.php(282): CController->run('information')
#9 D:\wamp\www\yii\framework\web\CWebApplication.php(141): CWebApplication->runController('teacher/informa...')
#10 D:\wamp\www\yii\framework\base\CApplication.php(180): CWebApplication->processRequest()
#11 D:\wamp\www\yii\adminapp\index.php(13): CApplication->run()
#12 {main}
REQUEST_URI=/yii/adminapp/index.php?r=teacher/information
---
2014/11/12 06:26:53 [error] [exception.CException] exception 'CException' with message 'Property "CDbConnection.tableprefix" is not defined.' in D:\wamp\www\yii\framework\base\CComponent.php:173
Stack trace:
#0 D:\wamp\www\yii\framework\YiiBase.php(220): CComponent->__set('tableprefix', 'base_')
#1 D:\wamp\www\yii\framework\base\CModule.php(386): YiiBase::createComponent(Array)
#2 D:\wamp\www\yii\framework\base\CModule.php(103): CModule->getComponent('db')
#3 D:\wamp\www\yii\adminapp\protected\controllers\TeacherController.php(12): CModule->__get('db')
#4 D:\wamp\www\yii\framework\web\actions\CInlineAction.php(49): TeacherController->actionInformation()
#5 D:\wamp\www\yii\framework\web\CController.php(308): CInlineAction->runWithParams(Array)
#6 D:\wamp\www\yii\framework\web\CController.php(286): CController->runAction(Object(CInlineAction))
#7 D:\wamp\www\yii\framework\web\CController.php(265): CController->runActionWithFilters(Object(CInlineAction), Array)
#8 D:\wamp\www\yii\framework\web\CWebApplication.php(282): CController->run('information')
#9 D:\wamp\www\yii\framework\web\CWebApplication.php(141): CWebApplication->runController('teacher/informa...')
#10 D:\wamp\www\yii\framework\base\CApplication.php(180): CWebApplication->processRequest()
#11 D:\wamp\www\yii\adminapp\index.php(13): CApplication->run()
#12 {main}
REQUEST_URI=/yii/adminapp/index.php?r=teacher/information
---
2014/11/12 06:26:54 [error] [exception.CException] exception 'CException' with message 'Property "CDbConnection.tableprefix" is not defined.' in D:\wamp\www\yii\framework\base\CComponent.php:173
Stack trace:
#0 D:\wamp\www\yii\framework\YiiBase.php(220): CComponent->__set('tableprefix', 'base_')
#1 D:\wamp\www\yii\framework\base\CModule.php(386): YiiBase::createComponent(Array)
#2 D:\wamp\www\yii\framework\base\CModule.php(103): CModule->getComponent('db')
#3 D:\wamp\www\yii\adminapp\protected\controllers\TeacherController.php(12): CModule->__get('db')
#4 D:\wamp\www\yii\framework\web\actions\CInlineAction.php(49): TeacherController->actionInformation()
#5 D:\wamp\www\yii\framework\web\CController.php(308): CInlineAction->runWithParams(Array)
#6 D:\wamp\www\yii\framework\web\CController.php(286): CController->runAction(Object(CInlineAction))
#7 D:\wamp\www\yii\framework\web\CController.php(265): CController->runActionWithFilters(Object(CInlineAction), Array)
#8 D:\wamp\www\yii\framework\web\CWebApplication.php(282): CController->run('information')
#9 D:\wamp\www\yii\framework\web\CWebApplication.php(141): CWebApplication->runController('teacher/informa...')
#10 D:\wamp\www\yii\framework\base\CApplication.php(180): CWebApplication->processRequest()
#11 D:\wamp\www\yii\adminapp\index.php(13): CApplication->run()
#12 {main}
REQUEST_URI=/yii/adminapp/index.php?r=teacher/information
---
2014/11/12 06:27:38 [error] [php] Undefined variable: user (D:\wamp\www\yii\adminapp\protected\views\teacher\infomation.php:2)
Stack trace:
#0 D:\wamp\www\yii\framework\web\CController.php(869): TeacherController->renderFile()
#1 D:\wamp\www\yii\framework\web\CController.php(782): TeacherController->renderPartial()
#2 D:\wamp\www\yii\adminapp\protected\controllers\TeacherController.php(17): TeacherController->render()
#3 D:\wamp\www\yii\framework\web\actions\CInlineAction.php(49): TeacherController->actionInformation()
#4 D:\wamp\www\yii\framework\web\CController.php(308): CInlineAction->runWithParams()
#5 D:\wamp\www\yii\framework\web\CController.php(286): TeacherController->runAction()
#6 D:\wamp\www\yii\framework\web\CController.php(265): TeacherController->runActionWithFilters()
#7 D:\wamp\www\yii\framework\web\CWebApplication.php(282): TeacherController->run()
#8 D:\wamp\www\yii\framework\web\CWebApplication.php(141): CWebApplication->runController()
#9 D:\wamp\www\yii\framework\base\CApplication.php(180): CWebApplication->processRequest()
#10 D:\wamp\www\yii\adminapp\index.php(13): CWebApplication->run()
REQUEST_URI=/yii/adminapp/index.php?r=teacher/information
in D:\wamp\www\yii\adminapp\protected\views\teacher\infomation.php (2)
in D:\wamp\www\yii\adminapp\protected\controllers\TeacherController.php (17)
in D:\wamp\www\yii\adminapp\index.php (13)
2014/11/12 06:27:55 [error] [php] Undefined variable: user (D:\wamp\www\yii\adminapp\protected\views\teacher\infomation.php:2)
Stack trace:
#0 D:\wamp\www\yii\framework\web\CController.php(869): TeacherController->renderFile()
#1 D:\wamp\www\yii\framework\web\CController.php(782): TeacherController->renderPartial()
#2 D:\wamp\www\yii\adminapp\protected\controllers\TeacherController.php(17): TeacherController->render()
#3 D:\wamp\www\yii\framework\web\actions\CInlineAction.php(49): TeacherController->actionInformation()
#4 D:\wamp\www\yii\framework\web\CController.php(308): CInlineAction->runWithParams()
#5 D:\wamp\www\yii\framework\web\CController.php(286): TeacherController->runAction()
#6 D:\wamp\www\yii\framework\web\CController.php(265): TeacherController->runActionWithFilters()
#7 D:\wamp\www\yii\framework\web\CWebApplication.php(282): TeacherController->run()
#8 D:\wamp\www\yii\framework\web\CWebApplication.php(141): CWebApplication->runController()
#9 D:\wamp\www\yii\framework\base\CApplication.php(180): CWebApplication->processRequest()
#10 D:\wamp\www\yii\adminapp\index.php(13): CWebApplication->run()
REQUEST_URI=/yii/adminapp/index.php?r=teacher/information
in D:\wamp\www\yii\adminapp\protected\views\teacher\infomation.php (2)
in D:\wamp\www\yii\adminapp\protected\controllers\TeacherController.php (17)
in D:\wamp\www\yii\adminapp\index.php (13)
2014/11/12 06:31:55 [error] [exception.CDbException] exception 'CDbException' with message 'CDbConnection.connectionString cannot be empty.' in D:\wamp\www\yii\framework\db\CDbConnection.php:370
Stack trace:
#0 D:\wamp\www\yii\framework\db\CDbConnection.php(330): CDbConnection->open()
#1 D:\wamp\www\yii\framework\db\CDbConnection.php(308): CDbConnection->setActive(true)
#2 D:\wamp\www\yii\framework\base\CModule.php(387): CDbConnection->init()
#3 D:\wamp\www\yii\framework\base\CModule.php(103): CModule->getComponent('db')
#4 D:\wamp\www\yii\adminapp\protected\controllers\TeacherController.php(12): CModule->__get('db')
#5 D:\wamp\www\yii\framework\web\actions\CInlineAction.php(49): TeacherController->actionInformation()
#6 D:\wamp\www\yii\framework\web\CController.php(308): CInlineAction->runWithParams(Array)
#7 D:\wamp\www\yii\framework\web\CController.php(286): CController->runAction(Object(CInlineAction))
#8 D:\wamp\www\yii\framework\web\CController.php(265): CController->runActionWithFilters(Object(CInlineAction), Array)
#9 D:\wamp\www\yii\framework\web\CWebApplication.php(282): CController->run('information')
#10 D:\wamp\www\yii\framework\web\CWebApplication.php(141): CWebApplication->runController('teacher/informa...')
#11 D:\wamp\www\yii\framework\base\CApplication.php(180): CWebApplication->processRequest()
#12 D:\wamp\www\yii\adminapp\index.php(13): CApplication->run()
#13 {main}
REQUEST_URI=/yii/adminapp/index.php?r=teacher/information
---
2014/11/12 06:43:35 [error] [exception.CException] exception 'CException' with message 'TeacherController and its behaviors do not have a method or closure named "get_list".' in D:\wamp\www\yii\framework\base\CComponent.php:266
Stack trace:
#0 D:\wamp\www\yii\adminapp\protected\controllers\TeacherController.php(24): CComponent->__call('get_list', Array)
#1 D:\wamp\www\yii\adminapp\protected\controllers\TeacherController.php(24): TeacherController->get_list(0, 1)
#2 D:\wamp\www\yii\framework\web\actions\CInlineAction.php(49): TeacherController->actionGet_region_admin()
#3 D:\wamp\www\yii\framework\web\CController.php(308): CInlineAction->runWithParams(Array)
#4 D:\wamp\www\yii\framework\web\CController.php(286): CController->runAction(Object(CInlineAction))
#5 D:\wamp\www\yii\framework\web\CController.php(265): CController->runActionWithFilters(Object(CInlineAction), Array)
#6 D:\wamp\www\yii\framework\web\CWebApplication.php(282): CController->run('get_region_admi...')
#7 D:\wamp\www\yii\framework\web\CWebApplication.php(141): CWebApplication->runController('teacher/get_reg...')
#8 D:\wamp\www\yii\framework\base\CApplication.php(180): CWebApplication->processRequest()
#9 D:\wamp\www\yii\adminapp\index.php(13): CApplication->run()
#10 {main}
REQUEST_URI=/yii/adminapp/index.php?r=teacher/get_region_admin&parent_id=0&region_id=16&region_type=1
HTTP_REFERER=http://localhost/yii/adminapp/index.php?r=teacher/information
---
2014/11/12 06:43:35 [error] [exception.CException] exception 'CException' with message 'TeacherController and its behaviors do not have a method or closure named "get_list".' in D:\wamp\www\yii\framework\base\CComponent.php:266
Stack trace:
#0 D:\wamp\www\yii\adminapp\protected\controllers\TeacherController.php(24): CComponent->__call('get_list', Array)
#1 D:\wamp\www\yii\adminapp\protected\controllers\TeacherController.php(24): TeacherController->get_list(220, 3)
#2 D:\wamp\www\yii\framework\web\actions\CInlineAction.php(49): TeacherController->actionGet_region_admin()
#3 D:\wamp\www\yii\framework\web\CController.php(308): CInlineAction->runWithParams(Array)
#4 D:\wamp\www\yii\framework\web\CController.php(286): CController->runAction(Object(CInlineAction))
#5 D:\wamp\www\yii\framework\web\CController.php(265): CController->runActionWithFilters(Object(CInlineAction), Array)
#6 D:\wamp\www\yii\framework\web\CWebApplication.php(282): CController->run('get_region_admi...')
#7 D:\wamp\www\yii\framework\web\CWebApplication.php(141): CWebApplication->runController('teacher/get_reg...')
#8 D:\wamp\www\yii\framework\base\CApplication.php(180): CWebApplication->processRequest()
#9 D:\wamp\www\yii\adminapp\index.php(13): CApplication->run()
#10 {main}
REQUEST_URI=/yii/adminapp/index.php?r=teacher/get_region_admin&parent_id=220&region_id=1834&region_type=3
HTTP_REFERER=http://localhost/yii/adminapp/index.php?r=teacher/information
---
2014/11/12 06:43:35 [error] [exception.CException] exception 'CException' with message 'TeacherController and its behaviors do not have a method or closure named "get_list".' in D:\wamp\www\yii\framework\base\CComponent.php:266
Stack trace:
#0 D:\wamp\www\yii\adminapp\protected\controllers\TeacherController.php(24): CComponent->__call('get_list', Array)
#1 D:\wamp\www\yii\adminapp\protected\controllers\TeacherController.php(24): TeacherController->get_list(16, 2)
#2 D:\wamp\www\yii\framework\web\actions\CInlineAction.php(49): TeacherController->actionGet_region_admin()
#3 D:\wamp\www\yii\framework\web\CController.php(308): CInlineAction->runWithParams(Array)
#4 D:\wamp\www\yii\framework\web\CController.php(286): CController->runAction(Object(CInlineAction))
#5 D:\wamp\www\yii\framework\web\CController.php(265): CController->runActionWithFilters(Object(CInlineAction), Array)
#6 D:\wamp\www\yii\framework\web\CWebApplication.php(282): CController->run('get_region_admi...')
#7 D:\wamp\www\yii\framework\web\CWebApplication.php(141): CWebApplication->runController('teacher/get_reg...')
#8 D:\wamp\www\yii\framework\base\CApplication.php(180): CWebApplication->processRequest()
#9 D:\wamp\www\yii\adminapp\index.php(13): CApplication->run()
#10 {main}
REQUEST_URI=/yii/adminapp/index.php?r=teacher/get_region_admin&parent_id=16&region_id=220&region_type=2
HTTP_REFERER=http://localhost/yii/adminapp/index.php?r=teacher/information
---
2014/11/12 06:47:45 [error] [exception.CHttpException.404] exception 'CHttpException' with message 'The system is unable to find the requested action "get_region_admin".' in D:\wamp\www\yii\framework\web\CController.php:483
Stack trace:
#0 D:\wamp\www\yii\framework\web\CController.php(270): CController->missingAction('get_region_admi...')
#1 D:\wamp\www\yii\framework\web\CWebApplication.php(282): CController->run('get_region_admi...')
#2 D:\wamp\www\yii\framework\web\CWebApplication.php(141): CWebApplication->runController('teacher/get_reg...')
#3 D:\wamp\www\yii\framework\base\CApplication.php(180): CWebApplication->processRequest()
#4 D:\wamp\www\yii\adminapp\index.php(13): CApplication->run()
#5 {main}
REQUEST_URI=/yii/adminapp/index.php?r=teacher/get_region_admin&parent_id=0&region_id=16&region_type=1
HTTP_REFERER=http://localhost/yii/adminapp/index.php?r=teacher/information
---
2014/11/12 06:47:45 [error] [exception.CHttpException.404] exception 'CHttpException' with message 'The system is unable to find the requested action "get_region_admin".' in D:\wamp\www\yii\framework\web\CController.php:483
Stack trace:
#0 D:\wamp\www\yii\framework\web\CController.php(270): CController->missingAction('get_region_admi...')
#1 D:\wamp\www\yii\framework\web\CWebApplication.php(282): CController->run('get_region_admi...')
#2 D:\wamp\www\yii\framework\web\CWebApplication.php(141): CWebApplication->runController('teacher/get_reg...')
#3 D:\wamp\www\yii\framework\base\CApplication.php(180): CWebApplication->processRequest()
#4 D:\wamp\www\yii\adminapp\index.php(13): CApplication->run()
#5 {main}
REQUEST_URI=/yii/adminapp/index.php?r=teacher/get_region_admin&parent_id=220&region_id=1834&region_type=3
HTTP_REFERER=http://localhost/yii/adminapp/index.php?r=teacher/information
---
2014/11/12 06:47:45 [error] [exception.CHttpException.404] exception 'CHttpException' with message 'The system is unable to find the requested action "get_region_admin".' in D:\wamp\www\yii\framework\web\CController.php:483
Stack trace:
#0 D:\wamp\www\yii\framework\web\CController.php(270): CController->missingAction('get_region_admi...')
#1 D:\wamp\www\yii\framework\web\CWebApplication.php(282): CController->run('get_region_admi...')
#2 D:\wamp\www\yii\framework\web\CWebApplication.php(141): CWebApplication->runController('teacher/get_reg...')
#3 D:\wamp\www\yii\framework\base\CApplication.php(180): CWebApplication->processRequest()
#4 D:\wamp\www\yii\adminapp\index.php(13): CApplication->run()
#5 {main}
REQUEST_URI=/yii/adminapp/index.php?r=teacher/get_region_admin&parent_id=16&region_id=220&region_type=2
HTTP_REFERER=http://localhost/yii/adminapp/index.php?r=teacher/information
---
2014/11/12 06:48:51 [error] [exception.CHttpException.404] exception 'CHttpException' with message 'The system is unable to find the requested action "get_region_admin".' in D:\wamp\www\yii\framework\web\CController.php:483
Stack trace:
#0 D:\wamp\www\yii\framework\web\CController.php(270): CController->missingAction('get_region_admi...')
#1 D:\wamp\www\yii\framework\web\CWebApplication.php(282): CController->run('get_region_admi...')
#2 D:\wamp\www\yii\framework\web\CWebApplication.php(141): CWebApplication->runController('teacher/get_reg...')
#3 D:\wamp\www\yii\framework\base\CApplication.php(180): CWebApplication->processRequest()
#4 D:\wamp\www\yii\adminapp\index.php(13): CApplication->run()
#5 {main}
REQUEST_URI=/yii/adminapp/index.php?r=teacher/get_region_admin&parent_id=0&region_id=16&region_type=1
HTTP_REFERER=http://localhost/yii/adminapp/index.php?r=teacher/information
---
2014/11/12 06:48:51 [error] [exception.CHttpException.404] exception 'CHttpException' with message 'The system is unable to find the requested action "get_region_admin".' in D:\wamp\www\yii\framework\web\CController.php:483
Stack trace:
#0 D:\wamp\www\yii\framework\web\CController.php(270): CController->missingAction('get_region_admi...')
#1 D:\wamp\www\yii\framework\web\CWebApplication.php(282): CController->run('get_region_admi...')
#2 D:\wamp\www\yii\framework\web\CWebApplication.php(141): CWebApplication->runController('teacher/get_reg...')
#3 D:\wamp\www\yii\framework\base\CApplication.php(180): CWebApplication->processRequest()
#4 D:\wamp\www\yii\adminapp\index.php(13): CApplication->run()
#5 {main}
REQUEST_URI=/yii/adminapp/index.php?r=teacher/get_region_admin&parent_id=16&region_id=220&region_type=2
HTTP_REFERER=http://localhost/yii/adminapp/index.php?r=teacher/information
---
2014/11/12 06:48:51 [error] [exception.CHttpException.404] exception 'CHttpException' with message 'The system is unable to find the requested action "get_region_admin".' in D:\wamp\www\yii\framework\web\CController.php:483
Stack trace:
#0 D:\wamp\www\yii\framework\web\CController.php(270): CController->missingAction('get_region_admi...')
#1 D:\wamp\www\yii\framework\web\CWebApplication.php(282): CController->run('get_region_admi...')
#2 D:\wamp\www\yii\framework\web\CWebApplication.php(141): CWebApplication->runController('teacher/get_reg...')
#3 D:\wamp\www\yii\framework\base\CApplication.php(180): CWebApplication->processRequest()
#4 D:\wamp\www\yii\adminapp\index.php(13): CApplication->run()
#5 {main}
REQUEST_URI=/yii/adminapp/index.php?r=teacher/get_region_admin&parent_id=220&region_id=1834&region_type=3
HTTP_REFERER=http://localhost/yii/adminapp/index.php?r=teacher/information
---
2014/11/12 06:53:34 [error] [php] Undefined index: [region_id (D:\wamp\www\yii\adminapp\protected\controllers\TeacherController.php:19)
Stack trace:
#0 D:\wamp\www\yii\framework\web\CController.php(286): TeacherController->runAction()
#1 D:\wamp\www\yii\framework\web\CController.php(265): TeacherController->runActionWithFilters()
#2 D:\wamp\www\yii\framework\web\CWebApplication.php(282): TeacherController->run()
#3 D:\wamp\www\yii\framework\web\CWebApplication.php(141): CWebApplication->runController()
#4 D:\wamp\www\yii\framework\base\CApplication.php(180): CWebApplication->processRequest()
#5 D:\wamp\www\yii\adminapp\index.php(13): CWebApplication->run()
REQUEST_URI=/yii/adminapp/index.php?r=teacher/information
in D:\wamp\www\yii\adminapp\protected\controllers\TeacherController.php (19)
in D:\wamp\www\yii\adminapp\index.php (13)
2014/11/12 06:54:07 [error] [exception.CHttpException.404] exception 'CHttpException' with message 'The system is unable to find the requested action "get_region_admin".' in D:\wamp\www\yii\framework\web\CController.php:483
Stack trace:
#0 D:\wamp\www\yii\framework\web\CController.php(270): CController->missingAction('get_region_admi...')
#1 D:\wamp\www\yii\framework\web\CWebApplication.php(282): CController->run('get_region_admi...')
#2 D:\wamp\www\yii\framework\web\CWebApplication.php(141): CWebApplication->runController('teacher/get_reg...')
#3 D:\wamp\www\yii\framework\base\CApplication.php(180): CWebApplication->processRequest()
#4 D:\wamp\www\yii\adminapp\index.php(13): CApplication->run()
#5 {main}
REQUEST_URI=/yii/adminapp/index.php?r=teacher/get_region_admin&parent_id=220&region_id=1834&region_type=3
HTTP_REFERER=http://localhost/yii/adminapp/index.php?r=teacher/information
---
2014/11/12 06:54:07 [error] [exception.CHttpException.404] exception 'CHttpException' with message 'The system is unable to find the requested action "get_region_admin".' in D:\wamp\www\yii\framework\web\CController.php:483
Stack trace:
#0 D:\wamp\www\yii\framework\web\CController.php(270): CController->missingAction('get_region_admi...')
#1 D:\wamp\www\yii\framework\web\CWebApplication.php(282): CController->run('get_region_admi...')
#2 D:\wamp\www\yii\framework\web\CWebApplication.php(141): CWebApplication->runController('teacher/get_reg...')
#3 D:\wamp\www\yii\framework\base\CApplication.php(180): CWebApplication->processRequest()
#4 D:\wamp\www\yii\adminapp\index.php(13): CApplication->run()
#5 {main}
REQUEST_URI=/yii/adminapp/index.php?r=teacher/get_region_admin&parent_id=0&region_id=16&region_type=1
HTTP_REFERER=http://localhost/yii/adminapp/index.php?r=teacher/information
---
2014/11/12 06:54:07 [error] [exception.CHttpException.404] exception 'CHttpException' with message 'The system is unable to find the requested action "get_region_admin".' in D:\wamp\www\yii\framework\web\CController.php:483
Stack trace:
#0 D:\wamp\www\yii\framework\web\CController.php(270): CController->missingAction('get_region_admi...')
#1 D:\wamp\www\yii\framework\web\CWebApplication.php(282): CController->run('get_region_admi...')
#2 D:\wamp\www\yii\framework\web\CWebApplication.php(141): CWebApplication->runController('teacher/get_reg...')
#3 D:\wamp\www\yii\framework\base\CApplication.php(180): CWebApplication->processRequest()
#4 D:\wamp\www\yii\adminapp\index.php(13): CApplication->run()
#5 {main}
REQUEST_URI=/yii/adminapp/index.php?r=teacher/get_region_admin&parent_id=16&region_id=220&region_type=2
HTTP_REFERER=http://localhost/yii/adminapp/index.php?r=teacher/information
---
2014/11/12 06:54:26 [error] [exception.CHttpException.404] exception 'CHttpException' with message 'The system is unable to find the requested action "get_region_admin".' in D:\wamp\www\yii\framework\web\CController.php:483
Stack trace:
#0 D:\wamp\www\yii\framework\web\CController.php(270): CController->missingAction('get_region_admi...')
#1 D:\wamp\www\yii\framework\web\CWebApplication.php(282): CController->run('get_region_admi...')
#2 D:\wamp\www\yii\framework\web\CWebApplication.php(141): CWebApplication->runController('teacher/get_reg...')
#3 D:\wamp\www\yii\framework\base\CApplication.php(180): CWebApplication->processRequest()
#4 D:\wamp\www\yii\adminapp\index.php(13): CApplication->run()
#5 {main}
REQUEST_URI=/yii/adminapp/index.php?r=teacher/get_region_admin&parent_id=0&region_id=16&region_type=1
HTTP_REFERER=http://localhost/yii/adminapp/index.php?r=teacher/information
---
2014/11/12 06:54:26 [error] [exception.CHttpException.404] exception 'CHttpException' with message 'The system is unable to find the requested action "get_region_admin".' in D:\wamp\www\yii\framework\web\CController.php:483
Stack trace:
#0 D:\wamp\www\yii\framework\web\CController.php(270): CController->missingAction('get_region_admi...')
#1 D:\wamp\www\yii\framework\web\CWebApplication.php(282): CController->run('get_region_admi...')
#2 D:\wamp\www\yii\framework\web\CWebApplication.php(141): CWebApplication->runController('teacher/get_reg...')
#3 D:\wamp\www\yii\framework\base\CApplication.php(180): CWebApplication->processRequest()
#4 D:\wamp\www\yii\adminapp\index.php(13): CApplication->run()
#5 {main}
REQUEST_URI=/yii/adminapp/index.php?r=teacher/get_region_admin&parent_id=16&region_id=220&region_type=2
HTTP_REFERER=http://localhost/yii/adminapp/index.php?r=teacher/information
---
2014/11/12 06:54:26 [error] [exception.CHttpException.404] exception 'CHttpException' with message 'The system is unable to find the requested action "get_region_admin".' in D:\wamp\www\yii\framework\web\CController.php:483
Stack trace:
#0 D:\wamp\www\yii\framework\web\CController.php(270): CController->missingAction('get_region_admi...')
#1 D:\wamp\www\yii\framework\web\CWebApplication.php(282): CController->run('get_region_admi...')
#2 D:\wamp\www\yii\framework\web\CWebApplication.php(141): CWebApplication->runController('teacher/get_reg...')
#3 D:\wamp\www\yii\framework\base\CApplication.php(180): CWebApplication->processRequest()
#4 D:\wamp\www\yii\adminapp\index.php(13): CApplication->run()
#5 {main}
REQUEST_URI=/yii/adminapp/index.php?r=teacher/get_region_admin&parent_id=220&region_id=1834&region_type=3
HTTP_REFERER=http://localhost/yii/adminapp/index.php?r=teacher/information
---
2014/11/12 06:54:54 [error] [exception.CHttpException.404] exception 'CHttpException' with message 'The system is unable to find the requested action "get_region_admin".' in D:\wamp\www\yii\framework\web\CController.php:483
Stack trace:
#0 D:\wamp\www\yii\framework\web\CController.php(270): CController->missingAction('get_region_admi...')
#1 D:\wamp\www\yii\framework\web\CWebApplication.php(282): CController->run('get_region_admi...')
#2 D:\wamp\www\yii\framework\web\CWebApplication.php(141): CWebApplication->runController('teacher/get_reg...')
#3 D:\wamp\www\yii\framework\base\CApplication.php(180): CWebApplication->processRequest()
#4 D:\wamp\www\yii\adminapp\index.php(13): CApplication->run()
#5 {main}
REQUEST_URI=/yii/adminapp/index.php?r=teacher/get_region_admin&parent_id=0&region_id=16&region_type=1
HTTP_REFERER=http://localhost/yii/adminapp/index.php?r=teacher/information
---
2014/11/12 06:54:54 [error] [exception.CHttpException.404] exception 'CHttpException' with message 'The system is unable to find the requested action "get_region_admin".' in D:\wamp\www\yii\framework\web\CController.php:483
Stack trace:
#0 D:\wamp\www\yii\framework\web\CController.php(270): CController->missingAction('get_region_admi...')
#1 D:\wamp\www\yii\framework\web\CWebApplication.php(282): CController->run('get_region_admi...')
#2 D:\wamp\www\yii\framework\web\CWebApplication.php(141): CWebApplication->runController('teacher/get_reg...')
#3 D:\wamp\www\yii\framework\base\CApplication.php(180): CWebApplication->processRequest()
#4 D:\wamp\www\yii\adminapp\index.php(13): CApplication->run()
#5 {main}
REQUEST_URI=/yii/adminapp/index.php?r=teacher/get_region_admin&parent_id=16&region_id=220&region_type=2
HTTP_REFERER=http://localhost/yii/adminapp/index.php?r=teacher/information
---
2014/11/12 06:54:54 [error] [exception.CHttpException.404] exception 'CHttpException' with message 'The system is unable to find the requested action "get_region_admin".' in D:\wamp\www\yii\framework\web\CController.php:483
Stack trace:
#0 D:\wamp\www\yii\framework\web\CController.php(270): CController->missingAction('get_region_admi...')
#1 D:\wamp\www\yii\framework\web\CWebApplication.php(282): CController->run('get_region_admi...')
#2 D:\wamp\www\yii\framework\web\CWebApplication.php(141): CWebApplication->runController('teacher/get_reg...')
#3 D:\wamp\www\yii\framework\base\CApplication.php(180): CWebApplication->processRequest()
#4 D:\wamp\www\yii\adminapp\index.php(13): CApplication->run()
#5 {main}
REQUEST_URI=/yii/adminapp/index.php?r=teacher/get_region_admin&parent_id=220&region_id=1834&region_type=3
HTTP_REFERER=http://localhost/yii/adminapp/index.php?r=teacher/information
---
2014/11/12 07:06:16 [error] [exception.CHttpException.404] exception 'CHttpException' with message 'The system is unable to find the requested action "index".' in D:\wamp\www\yii\framework\web\CController.php:483
Stack trace:
#0 D:\wamp\www\yii\framework\web\CController.php(270): CController->missingAction('')
#1 D:\wamp\www\yii\framework\web\CWebApplication.php(282): CController->run('')
#2 D:\wamp\www\yii\framework\web\CWebApplication.php(141): CWebApplication->runController('')
#3 D:\wamp\www\yii\framework\base\CApplication.php(180): CWebApplication->processRequest()
#4 D:\wamp\www\yii\adminapp\index.php(13): CApplication->run()
#5 {main}
REQUEST_URI=/yii/adminapp/index.php/r=teacher/select_city
HTTP_REFERER=http://localhost/yii/adminapp/index.php?r=teacher/information
---
2014/11/12 07:06:19 [error] [exception.CHttpException.404] exception 'CHttpException' with message 'The system is unable to find the requested action "index".' in D:\wamp\www\yii\framework\web\CController.php:483
Stack trace:
#0 D:\wamp\www\yii\framework\web\CController.php(270): CController->missingAction('')
#1 D:\wamp\www\yii\framework\web\CWebApplication.php(282): CController->run('')
#2 D:\wamp\www\yii\framework\web\CWebApplication.php(141): CWebApplication->runController('')
#3 D:\wamp\www\yii\framework\base\CApplication.php(180): CWebApplication->processRequest()
#4 D:\wamp\www\yii\adminapp\index.php(13): CApplication->run()
#5 {main}
REQUEST_URI=/yii/adminapp/index.php/r=teacher/select_city
HTTP_REFERER=http://localhost/yii/adminapp/index.php?r=teacher/information
---
2014/11/12 07:07:18 [error] [exception.CHttpException.404] exception 'CHttpException' with message 'The system is unable to find the requested action "index".' in D:\wamp\www\yii\framework\web\CController.php:483
Stack trace:
#0 D:\wamp\www\yii\framework\web\CController.php(270): CController->missingAction('')
#1 D:\wamp\www\yii\framework\web\CWebApplication.php(282): CController->run('')
#2 D:\wamp\www\yii\framework\web\CWebApplication.php(141): CWebApplication->runController('')
#3 D:\wamp\www\yii\framework\base\CApplication.php(180): CWebApplication->processRequest()
#4 D:\wamp\www\yii\adminapp\index.php(13): CApplication->run()
#5 {main}
REQUEST_URI=/yii/adminapp/index.php/r=teacher/select_city
HTTP_REFERER=http://localhost/yii/adminapp/index.php?r=teacher/information
---
2014/11/12 07:07:53 [error] [exception.CHttpException.404] exception 'CHttpException' with message 'The system is unable to find the requested action "index".' in D:\wamp\www\yii\framework\web\CController.php:483
Stack trace:
#0 D:\wamp\www\yii\framework\web\CController.php(270): CController->missingAction('')
#1 D:\wamp\www\yii\framework\web\CWebApplication.php(282): CController->run('')
#2 D:\wamp\www\yii\framework\web\CWebApplication.php(141): CWebApplication->runController('')
#3 D:\wamp\www\yii\framework\base\CApplication.php(180): CWebApplication->processRequest()
#4 D:\wamp\www\yii\adminapp\index.php(13): CApplication->run()
#5 {main}
REQUEST_URI=/yii/adminapp/index.php/r=teacher/select_city
HTTP_REFERER=http://localhost/yii/adminapp/index.php?r=teacher/information
---
2014/11/12 07:08:49 [error] [exception.CHttpException.404] exception 'CHttpException' with message 'The system is unable to find the requested action "index".' in D:\wamp\www\yii\framework\web\CController.php:483
Stack trace:
#0 D:\wamp\www\yii\framework\web\CController.php(270): CController->missingAction('')
#1 D:\wamp\www\yii\framework\web\CWebApplication.php(282): CController->run('')
#2 D:\wamp\www\yii\framework\web\CWebApplication.php(141): CWebApplication->runController('')
#3 D:\wamp\www\yii\framework\base\CApplication.php(180): CWebApplication->processRequest()
#4 D:\wamp\www\yii\adminapp\index.php(13): CApplication->run()
#5 {main}
REQUEST_URI=/yii/adminapp/index.php/r=teacher/city
HTTP_REFERER=http://localhost/yii/adminapp/index.php?r=teacher/information
---
2014/11/12 07:10:54 [error] [php] Undefined variable: provinces (D:\wamp\www\yii\adminapp\protected\controllers\TeacherController.php:32)
Stack trace:
#0 D:\wamp\www\yii\framework\web\CController.php(286): TeacherController->runAction()
#1 D:\wamp\www\yii\framework\web\CController.php(265): TeacherController->runActionWithFilters()
#2 D:\wamp\www\yii\framework\web\CWebApplication.php(282): TeacherController->run()
#3 D:\wamp\www\yii\framework\web\CWebApplication.php(141): CWebApplication->runController()
#4 D:\wamp\www\yii\framework\base\CApplication.php(180): CWebApplication->processRequest()
#5 D:\wamp\www\yii\adminapp\index.php(13): CWebApplication->run()
REQUEST_URI=/yii/adminapp/index.php?r=teacher/city
in D:\wamp\www\yii\adminapp\protected\controllers\TeacherController.php (32)
in D:\wamp\www\yii\adminapp\index.php (13)
2014/11/28 02:26:28 [error] [exception.CHttpException.404] exception 'CHttpException' with message 'The system is unable to find the requested action "index".' in D:\wamp\www\yii\framework\web\CController.php:483
Stack trace:
#0 D:\wamp\www\yii\framework\web\CController.php(270): CController->missingAction('')
#1 D:\wamp\www\yii\framework\web\CWebApplication.php(282): CController->run('')
#2 D:\wamp\www\yii\framework\web\CWebApplication.php(141): CWebApplication->runController('')
#3 D:\wamp\www\yii\framework\base\CApplication.php(180): CWebApplication->processRequest()
#4 D:\wamp\www\yii\adminapp\index.php(13): CApplication->run()
#5 {main}
REQUEST_URI=/
---
2014/11/28 02:27:33 [error] [exception.CHttpException.404] exception 'CHttpException' with message 'The system is unable to find the requested action "index".' in D:\wamp\www\yii\framework\web\CController.php:483
Stack trace:
#0 D:\wamp\www\yii\framework\web\CController.php(270): CController->missingAction('')
#1 D:\wamp\www\yii\framework\web\CWebApplication.php(282): CController->run('')
#2 D:\wamp\www\yii\framework\web\CWebApplication.php(141): CWebApplication->runController('')
#3 D:\wamp\www\yii\framework\base\CApplication.php(180): CWebApplication->processRequest()
#4 D:\wamp\www\yii\adminapp\index.php(13): CApplication->run()
#5 {main}
REQUEST_URI=/index.php
---
2014/12/16 08:33:46 [error] [exception.CHttpException.404] exception 'CHttpException' with message 'The system is unable to find the requested action "index".' in D:\wamp\www\yii\framework\web\CController.php:483
Stack trace:
#0 D:\wamp\www\yii\framework\web\CController.php(270): CController->missingAction('')
#1 D:\wamp\www\yii\framework\web\CWebApplication.php(282): CController->run('')
#2 D:\wamp\www\yii\framework\web\CWebApplication.php(141): CWebApplication->runController('')
#3 D:\wamp\www\yii\framework\base\CApplication.php(180): CWebApplication->processRequest()
#4 D:\wamp\www\yii\adminapp\index.php(13): CApplication->run()
#5 {main}
REQUEST_URI=/
---
2014/12/16 08:50:50 [error] [exception.CHttpException.404] exception 'CHttpException' with message 'The system is unable to find the requested action "index".' in D:\wamp\www\yii\framework\web\CController.php:483
Stack trace:
#0 D:\wamp\www\yii\framework\web\CController.php(270): CController->missingAction('')
#1 D:\wamp\www\yii\framework\web\CWebApplication.php(282): CController->run('')
#2 D:\wamp\www\yii\framework\web\CWebApplication.php(141): CWebApplication->runController('')
#3 D:\wamp\www\yii\framework\base\CApplication.php(180): CWebApplication->processRequest()
#4 D:\wamp\www\yii\adminapp\index.php(13): CApplication->run()
#5 {main}
REQUEST_URI=/
---
2014/12/16 09:43:18 [error] [exception.CHttpException.404] exception 'CHttpException' with message 'The system is unable to find the requested action "index".' in D:\wamp\www\yii\framework\web\CController.php:483
Stack trace:
#0 D:\wamp\www\yii\framework\web\CController.php(270): CController->missingAction('')
#1 D:\wamp\www\yii\framework\web\CWebApplication.php(282): CController->run('')
#2 D:\wamp\www\yii\framework\web\CWebApplication.php(141): CWebApplication->runController('')
#3 D:\wamp\www\yii\framework\base\CApplication.php(180): CWebApplication->processRequest()
#4 D:\wamp\www\yii\adminapp\index.php(13): CApplication->run()
#5 {main}
REQUEST_URI=/
---
2014/12/16 09:46:51 [error] [exception.CHttpException.404] exception 'CHttpException' with message 'The system is unable to find the requested action "index".' in D:\wamp\www\yii\framework\web\CController.php:483
Stack trace:
#0 D:\wamp\www\yii\framework\web\CController.php(270): CController->missingAction('')
#1 D:\wamp\www\yii\framework\web\CWebApplication.php(282): CController->run('')
#2 D:\wamp\www\yii\framework\web\CWebApplication.php(141): CWebApplication->runController('')
#3 D:\wamp\www\yii\framework\base\CApplication.php(180): CWebApplication->processRequest()
#4 D:\wamp\www\yii\adminapp\index.php(13): CApplication->run()
#5 {main}
REQUEST_URI=/
---
2014/12/16 09:46:54 [error] [exception.CHttpException.404] exception 'CHttpException' with message 'The system is unable to find the requested action "index".' in D:\wamp\www\yii\framework\web\CController.php:483
Stack trace:
#0 D:\wamp\www\yii\framework\web\CController.php(270): CController->missingAction('')
#1 D:\wamp\www\yii\framework\web\CWebApplication.php(282): CController->run('')
#2 D:\wamp\www\yii\framework\web\CWebApplication.php(141): CWebApplication->runController('')
#3 D:\wamp\www\yii\framework\base\CApplication.php(180): CWebApplication->processRequest()
#4 D:\wamp\www\yii\adminapp\index.php(13): CApplication->run()
#5 {main}
REQUEST_URI=/
---
2014/12/16 09:47:28 [error] [exception.CHttpException.404] exception 'CHttpException' with message 'The system is unable to find the requested action "index".' in D:\wamp\www\yii\framework\web\CController.php:483
Stack trace:
#0 D:\wamp\www\yii\framework\web\CController.php(270): CController->missingAction('')
#1 D:\wamp\www\yii\framework\web\CWebApplication.php(282): CController->run('')
#2 D:\wamp\www\yii\framework\web\CWebApplication.php(141): CWebApplication->runController('')
#3 D:\wamp\www\yii\framework\base\CApplication.php(180): CWebApplication->processRequest()
#4 D:\wamp\www\yii\adminapp\index.php(13): CApplication->run()
#5 {main}
REQUEST_URI=/
---
2014/12/16 09:47:29 [error] [exception.CHttpException.404] exception 'CHttpException' with message 'The system is unable to find the requested action "index".' in D:\wamp\www\yii\framework\web\CController.php:483
Stack trace:
#0 D:\wamp\www\yii\framework\web\CController.php(270): CController->missingAction('')
#1 D:\wamp\www\yii\framework\web\CWebApplication.php(282): CController->run('')
#2 D:\wamp\www\yii\framework\web\CWebApplication.php(141): CWebApplication->runController('')
#3 D:\wamp\www\yii\framework\base\CApplication.php(180): CWebApplication->processRequest()
#4 D:\wamp\www\yii\adminapp\index.php(13): CApplication->run()
#5 {main}
REQUEST_URI=/
---
2014/12/23 03:51:34 [error] [php] Undefined variable: conn (D:\wamp\www\yii\adminapp\protected\controllers\TeacherController.php:55)
Stack trace:
#0 D:\wamp\www\yii\framework\web\CController.php(286): TeacherController->runAction()
#1 D:\wamp\www\yii\framework\web\CController.php(265): TeacherController->runActionWithFilters()
#2 D:\wamp\www\yii\framework\web\CWebApplication.php(282): TeacherController->run()
#3 D:\wamp\www\yii\framework\web\CWebApplication.php(141): CWebApplication->runController()
#4 D:\wamp\www\yii\framework\base\CApplication.php(180): CWebApplication->processRequest()
#5 D:\wamp\www\yii\adminapp\index.php(13): CWebApplication->run()
REQUEST_URI=/index.php?r=teacher/img
in D:\wamp\www\yii\adminapp\protected\controllers\TeacherController.php (55)
in D:\wamp\www\yii\adminapp\index.php (13)
2015/01/07 10:28:44 [error] [php] include(Model.php) [<a href='function.include'>function.include</a>]: failed to open stream: No such file or directory (D:\wamp\www\yii\framework\YiiBase.php:427)
Stack trace:
#0 D:\wamp\www\yii\adminapp\protected\models\Test.php(8): spl_autoload_call()
#1 D:\wamp\www\yii\framework\YiiBase.php(427): include()
#2 unknown(0): autoload()
#3 D:\wamp\www\yii\adminapp\protected\controllers\SiteController.php(37): spl_autoload_call()
#4 D:\wamp\www\yii\framework\web\actions\CInlineAction.php(49): SiteController->actionIndex()
#5 D:\wamp\www\yii\framework\web\CController.php(308): CInlineAction->runWithParams()
#6 D:\wamp\www\yii\framework\web\CController.php(286): SiteController->runAction()
#7 D:\wamp\www\yii\framework\web\CController.php(265): SiteController->runActionWithFilters()
#8 D:\wamp\www\yii\framework\web\CWebApplication.php(282): SiteController->run()
#9 D:\wamp\www\yii\framework\web\CWebApplication.php(141): CWebApplication->runController()
#10 D:\wamp\www\yii\framework\base\CApplication.php(180): CWebApplication->processRequest()
#11 D:\wamp\www\yii\adminapp\index.php(13): CWebApplication->run()
REQUEST_URI=/
in D:\wamp\www\yii\adminapp\protected\models\Test.php (8)
in D:\wamp\www\yii\adminapp\protected\controllers\SiteController.php (37)
in D:\wamp\www\yii\adminapp\index.php (13)
